#
# There is insufficient memory for the Java Runtime Environment to continue.
# Native memory allocation (mmap) failed to map 185597952 bytes for Failed to commit area from 0x0000000092500000 to 0x000000009d600000 of length 185597952.
# Possible reasons:
#   The system is out of physical RAM or swap space
#   The process is running with CompressedOops enabled, and the Java Heap may be blocking the growth of the native heap
# Possible solutions:
#   Reduce memory load on the system
#   Increase physical memory or swap space
#   Check if swap backing store is full
#   Decrease Java heap size (-Xmx/-Xms)
#   Decrease number of Java threads
#   Decrease Java thread stack sizes (-Xss)
#   Set larger code cache with -XX:ReservedCodeCacheSize=
#   JVM is running with Unscaled Compressed Oops mode in which the Java heap is
#     placed in the first 4GB address space. The Java Heap base address is the
#     maximum limit for the native heap growth. Please use -XX:HeapBaseMinAddress
#     to set the Java Heap base and to place the Java Heap above 4GB virtual address.
# This output file may be truncated or incomplete.
#
#  Out of Memory Error (./src/hotspot/os/windows/os_windows.cpp:3301), pid=20260, tid=18168
#
# JRE version: OpenJDK Runtime Environment (11.0.11+9) (build 11.0.11+9-b60-7590822)
# Java VM: OpenJDK 64-Bit Server VM (11.0.11+9-b60-7590822, mixed mode, tiered, compressed oops, g1 gc, windows-amd64)
# No core dump will be written. Minidumps are not enabled by default on client versions of Windows
#

---------------  S U M M A R Y ------------

Command Line: --add-opens=java.base/java.util=ALL-UNNAMED --add-opens=java.base/java.lang=ALL-UNNAMED --add-opens=java.base/java.lang.invoke=ALL-UNNAMED --add-opens=java.base/java.util=ALL-UNNAMED --add-opens=java.prefs/java.util.prefs=ALL-UNNAMED --add-opens=java.prefs/java.util.prefs=ALL-UNNAMED --add-opens=java.base/java.nio.charset=ALL-UNNAMED --add-opens=java.base/java.net=ALL-UNNAMED --add-opens=java.base/java.util.concurrent.atomic=ALL-UNNAMED -Xmx2048m -Dfile.encoding=UTF-8 -Duser.country=US -Duser.language=en -Duser.variant org.gradle.launcher.daemon.bootstrap.GradleDaemon 7.2

Host: 11th Gen Intel(R) Core(TM) i7-11370H @ 3.30GHz, 8 cores, 15G,  Windows 10 , 64 bit Build 22000 (10.0.22000.613)
Time: Thu Apr 28 14:26:31 2022 Syria Daylight Time elapsed time: 648.082510 seconds (0d 0h 10m 48s)

---------------  T H R E A D  ---------------

Current thread (0x0000023af6e2f800):  VMThread "VM Thread" [stack: 0x000000dc38100000,0x000000dc38200000] [id=18168]

Stack: [0x000000dc38100000,0x000000dc38200000]
[error occurred during error reporting (printing stack bounds), id 0xc0000005, EXCEPTION_ACCESS_VIOLATION (0xc0000005) at pc=0x0000023adfc510e7]

Native frames: (J=compiled Java code, j=interpreted, Vv=VM code, C=native code)
V  [jvm.dll+0x5f214a]
V  [jvm.dll+0x726fb5]
V  [jvm.dll+0x7285cd]
V  [jvm.dll+0x728be5]
V  [jvm.dll+0x728b9b]
V  [jvm.dll+0x5f14e8]
V  [jvm.dll+0x5f1c78]
C  [ntdll.dll+0xa86ef]
C  [ntdll.dll+0x35aea]
C  [ntdll.dll+0xa76fe]
C  0x0000023adfc510e7

VM_Operation (0x000000dc41afb890): G1CollectForAllocation, mode: safepoint, requested by thread 0x0000023afcc52000


---------------  P R O C E S S  ---------------

Threads class SMR info:
_java_thread_list=0x0000023afc9535d0, length=143, elements={
0x0000023adc153800, 0x0000023af6e31800, 0x0000023af6e36000, 0x0000023af6e96800,
0x0000023af6e97800, 0x0000023af6e98800, 0x0000023af6e9c000, 0x0000023af6e9f000,
0x0000023af6ea3800, 0x0000023af7006800, 0x0000023af928a000, 0x0000023af718e000,
0x0000023af8e27000, 0x0000023af8ef9000, 0x0000023af8ef8000, 0x0000023af8ef3800,
0x0000023af8ef5800, 0x0000023af8ef4000, 0x0000023afc205800, 0x0000023afc203800,
0x0000023afc206000, 0x0000023afc201000, 0x0000023afc20e800, 0x0000023afca34800,
0x0000023afce21000, 0x0000023afce1c000, 0x0000023afce1b000, 0x0000023afce22000,
0x0000023afce22800, 0x0000023afce1f800, 0x0000023afce25000, 0x0000023a81f88000,
0x0000023a81f84000, 0x0000023a81f87000, 0x0000023afca2b800, 0x0000023afca2c800,
0x0000023afca2d000, 0x0000023afca2e000, 0x0000023afca2f800, 0x0000023afca2e800,
0x0000023afca30800, 0x0000023afca2a800, 0x0000023afca35800, 0x0000023afca36000,
0x0000023afca37000, 0x0000023afca33000, 0x0000023afca31000, 0x0000023afca37800,
0x0000023afca32000, 0x0000023afca38800, 0x0000023afca39800, 0x0000023afca33800,
0x0000023a81f85000, 0x0000023a81f86800, 0x0000023a81f89000, 0x0000023a81f85800,
0x0000023a81f83000, 0x0000023a81f8f800, 0x0000023a81f89800, 0x0000023a81f8e800,
0x0000023a81f90000, 0x0000023a81f8d800, 0x0000023a81f8b800, 0x0000023a81f8a800,
0x0000023a81f91000, 0x0000023a81f92000, 0x0000023a81f8c000, 0x0000023a81f8d000,
0x0000023afce1e800, 0x0000023afce1d000, 0x0000023afce23800, 0x0000023afce24000,
0x0000023afce20000, 0x0000023afce26800, 0x0000023afce26000, 0x0000023afce27800,
0x0000023afce28800, 0x0000023afce29000, 0x0000023afce2a000, 0x0000023afc208000,
0x0000023afc208800, 0x0000023afc209800, 0x0000023afc204800, 0x0000023afc20b000,
0x0000023afc20c000, 0x0000023afc20c800, 0x0000023afc20d800, 0x0000023af8efa000,
0x0000023af8ef5000, 0x0000023af8ef6800, 0x0000023af8ef7800, 0x0000023afddfb000,
0x0000023afddfb800, 0x0000023afddfc800, 0x0000023afddff800, 0x0000023afddfe000,
0x0000023afddff000, 0x0000023afddfa000, 0x0000023afde00800, 0x0000023afde01800,
0x0000023afddfd800, 0x0000023afde06800, 0x0000023afde04000, 0x0000023afde02000,
0x0000023afde08800, 0x0000023afde07000, 0x0000023afde05800, 0x0000023afde03000,
0x0000023afde04800, 0x0000023afde08000, 0x0000023a80679000, 0x0000023a8067d000,
0x0000023a8067b800, 0x0000023a8067c000, 0x0000023a8067e000, 0x0000023a8067e800,
0x0000023a8067a000, 0x0000023a8067f800, 0x0000023a80680800, 0x0000023a8067a800,
0x0000023a80686000, 0x0000023a80687000, 0x0000023a80682000, 0x0000023a80682800,
0x0000023a80681000, 0x0000023a80687800, 0x0000023a80685000, 0x0000023a80683800,
0x0000023afcc4f800, 0x0000023afcc50800, 0x0000023afcc53000, 0x0000023afcc54000,
0x0000023afcc4f000, 0x0000023afcc56800, 0x0000023afcc57000, 0x0000023afcc54800,
0x0000023afcc55800, 0x0000023afcc51800, 0x0000023afcc58000, 0x0000023afcc52000,
0x0000023afcc5b000, 0x0000023afa4cc000, 0x0000023afe415800
}

Java Threads: ( => current thread )
  0x0000023adc153800 JavaThread "main" [_thread_blocked, id=11568, stack(0x000000dc37b00000,0x000000dc37c00000)]
  0x0000023af6e31800 JavaThread "Reference Handler" daemon [_thread_blocked, id=7568, stack(0x000000dc38200000,0x000000dc38300000)]
  0x0000023af6e36000 JavaThread "Finalizer" daemon [_thread_blocked, id=17972, stack(0x000000dc38300000,0x000000dc38400000)]
  0x0000023af6e96800 JavaThread "Signal Dispatcher" daemon [_thread_blocked, id=6180, stack(0x000000dc38400000,0x000000dc38500000)]
  0x0000023af6e97800 JavaThread "Attach Listener" daemon [_thread_blocked, id=10064, stack(0x000000dc38500000,0x000000dc38600000)]
  0x0000023af6e98800 JavaThread "Service Thread" daemon [_thread_blocked, id=14676, stack(0x000000dc38600000,0x000000dc38700000)]
  0x0000023af6e9c000 JavaThread "C2 CompilerThread0" daemon [_thread_in_native, id=19788, stack(0x000000dc38700000,0x000000dc38800000)]
  0x0000023af6e9f000 JavaThread "C1 CompilerThread0" daemon [_thread_blocked, id=20536, stack(0x000000dc38800000,0x000000dc38900000)]
  0x0000023af6ea3800 JavaThread "Sweeper thread" daemon [_thread_blocked, id=11596, stack(0x000000dc38900000,0x000000dc38a00000)]
  0x0000023af7006800 JavaThread "Common-Cleaner" daemon [_thread_blocked, id=4868, stack(0x000000dc38a00000,0x000000dc38b00000)]
  0x0000023af928a000 JavaThread "Daemon health stats" [_thread_blocked, id=23568, stack(0x000000dc39300000,0x000000dc39400000)]
  0x0000023af718e000 JavaThread "Incoming local TCP Connector on port 50359" [_thread_in_native, id=27560, stack(0x000000dc38c00000,0x000000dc38d00000)]
  0x0000023af8e27000 JavaThread "Daemon periodic checks" [_thread_blocked, id=22324, stack(0x000000dc39400000,0x000000dc39500000)]
  0x0000023af8ef9000 JavaThread "Cache worker for journal cache (C:\Users\Mohammad Sommakia\.gradle\caches\journal-1)" [_thread_blocked, id=10820, stack(0x000000dc39c00000,0x000000dc39d00000)]
  0x0000023af8ef8000 JavaThread "File lock request listener" [_thread_in_native, id=16148, stack(0x000000dc39d00000,0x000000dc39e00000)]
  0x0000023af8ef3800 JavaThread "Cache worker for file hash cache (C:\Users\Mohammad Sommakia\.gradle\caches\7.2\fileHashes)" [_thread_blocked, id=26552, stack(0x000000dc39e00000,0x000000dc39f00000)]
  0x0000023af8ef5800 JavaThread "File watcher server" daemon [_thread_blocked, id=4676, stack(0x000000dc3a300000,0x000000dc3a400000)]
  0x0000023af8ef4000 JavaThread "File watcher consumer" daemon [_thread_blocked, id=26120, stack(0x000000dc3a400000,0x000000dc3a500000)]
  0x0000023afc205800 JavaThread "Cache worker for execution history cache (C:\Users\Mohammad Sommakia\.gradle\caches\7.2\executionHistory)" [_thread_blocked, id=22392, stack(0x000000dc3a900000,0x000000dc3aa00000)]
  0x0000023afc203800 JavaThread "jar transforms" [_thread_blocked, id=21064, stack(0x000000dc3aa00000,0x000000dc3ab00000)]
  0x0000023afc206000 JavaThread "Cache worker for file content cache (C:\Users\Mohammad Sommakia\.gradle\caches\7.2\fileContent)" [_thread_blocked, id=16088, stack(0x000000dc3ab00000,0x000000dc3ac00000)]
  0x0000023afc201000 JavaThread "jar transforms Thread 2" [_thread_blocked, id=14636, stack(0x000000dc3ac00000,0x000000dc3ad00000)]
  0x0000023afc20e800 JavaThread "jar transforms Thread 3" [_thread_blocked, id=7112, stack(0x000000dc3ae00000,0x000000dc3af00000)]
  0x0000023afca34800 JavaThread "jar transforms Thread 4" [_thread_blocked, id=19860, stack(0x000000dc40000000,0x000000dc40100000)]
  0x0000023afce21000 JavaThread "jar transforms Thread 5" [_thread_blocked, id=21856, stack(0x000000dc40100000,0x000000dc40200000)]
  0x0000023afce1c000 JavaThread "jar transforms Thread 6" [_thread_blocked, id=19476, stack(0x000000dc40200000,0x000000dc40300000)]
  0x0000023afce1b000 JavaThread "jar transforms Thread 7" [_thread_blocked, id=22744, stack(0x000000dc40300000,0x000000dc40400000)]
  0x0000023afce22000 JavaThread "jar transforms Thread 8" [_thread_blocked, id=692, stack(0x000000dc40400000,0x000000dc40500000)]
  0x0000023afce22800 JavaThread "Memory manager" [_thread_blocked, id=8092, stack(0x000000dc40600000,0x000000dc40700000)]
  0x0000023afce1f800 JavaThread "pool-3-thread-1" [_thread_blocked, id=11372, stack(0x000000dc40b00000,0x000000dc40c00000)]
  0x0000023afce25000 JavaThread "RMI Scheduler(0)" daemon [_thread_blocked, id=10832, stack(0x000000dc38d00000,0x000000dc38e00000)]
  0x0000023a81f88000 JavaThread "RMI GC Daemon" daemon [_thread_blocked, id=14552, stack(0x000000dc41600000,0x000000dc41700000)]
  0x0000023a81f84000 JavaThread "RMI TCP Accept-0" daemon [_thread_in_native, id=15920, stack(0x000000dc41700000,0x000000dc41800000)]
  0x0000023a81f87000 JavaThread "RMI Reaper" [_thread_blocked, id=9824, stack(0x000000dc41800000,0x000000dc41900000)]
  0x0000023afca2b800 JavaThread "RMI TCP Connection(4)-127.0.0.1" daemon [_thread_in_native, id=24660, stack(0x000000dc37a00000,0x000000dc37b00000)]
  0x0000023afca2c800 JavaThread "Daemon Thread 2" [_thread_blocked, id=10876, stack(0x000000dc39500000,0x000000dc39600000)]
  0x0000023afca2d000 JavaThread "Handler for socket connection from /127.0.0.1:50359 to /127.0.0.1:63537" [_thread_in_native, id=12344, stack(0x000000dc39600000,0x000000dc39700000)]
  0x0000023afca2e000 JavaThread "Cancel handler" [_thread_blocked, id=26428, stack(0x000000dc39700000,0x000000dc39800000)]
  0x0000023afca2f800 JavaThread "Daemon worker Thread 2" [_thread_blocked, id=12608, stack(0x000000dc39800000,0x000000dc39900000)]
  0x0000023afca2e800 JavaThread "Asynchronous log dispatcher for DefaultDaemonConnection: socket connection from /127.0.0.1:50359 to /127.0.0.1:63537" [_thread_blocked, id=25024, stack(0x000000dc39900000,0x000000dc39a00000)]
  0x0000023afca30800 JavaThread "Stdin handler" [_thread_blocked, id=13856, stack(0x000000dc39a00000,0x000000dc39b00000)]
  0x0000023afca2a800 JavaThread "Daemon client event forwarder" [_thread_blocked, id=24500, stack(0x000000dc39b00000,0x000000dc39c00000)]
  0x0000023afca35800 JavaThread "Cache worker for file hash cache (C:\Games\AndroidProjects\MyApplication\.gradle\7.2\fileHashes)" [_thread_blocked, id=2776, stack(0x000000dc3a500000,0x000000dc3a600000)]
  0x0000023afca36000 JavaThread "Cache worker for checksums cache (C:\Games\AndroidProjects\MyApplication\.gradle\checksums)" [_thread_blocked, id=9272, stack(0x000000dc3a600000,0x000000dc3a700000)]
  0x0000023afca37000 JavaThread "Cache worker for cache directory md-supplier (C:\Users\Mohammad Sommakia\.gradle\caches\7.2\md-supplier)" [_thread_blocked, id=336, stack(0x000000dc3a700000,0x000000dc3a800000)]
  0x0000023afca33000 JavaThread "Cache worker for cache directory md-rule (C:\Users\Mohammad Sommakia\.gradle\caches\7.2\md-rule)" [_thread_blocked, id=20636, stack(0x000000dc3a800000,0x000000dc3a900000)]
  0x0000023afca31000 JavaThread "Cache worker for dependencies-accessors (C:\Games\AndroidProjects\MyApplication\.gradle\7.2\dependencies-accessors)" [_thread_blocked, id=23632, stack(0x000000dc3ad00000,0x000000dc3ae00000)]
  0x0000023afca37800 JavaThread "Cache worker for Build Output Cleanup Cache (C:\Games\AndroidProjects\MyApplication\.gradle\buildOutputCleanup)" [_thread_blocked, id=26180, stack(0x000000dc3b000000,0x000000dc3b100000)]
  0x0000023afca32000 JavaThread "Unconstrained build operations" [_thread_blocked, id=19864, stack(0x000000dc3b100000,0x000000dc3b200000)]
  0x0000023afca38800 JavaThread "Unconstrained build operations Thread 2" [_thread_blocked, id=23412, stack(0x000000dc3b200000,0x000000dc3b300000)]
  0x0000023afca39800 JavaThread "Unconstrained build operations Thread 3" [_thread_blocked, id=24992, stack(0x000000dc3b300000,0x000000dc3b400000)]
  0x0000023afca33800 JavaThread "Unconstrained build operations Thread 4" [_thread_blocked, id=26116, stack(0x000000dc3b400000,0x000000dc3b500000)]
  0x0000023a81f85000 JavaThread "Unconstrained build operations Thread 5" [_thread_blocked, id=20276, stack(0x000000dc3b500000,0x000000dc3b600000)]
  0x0000023a81f86800 JavaThread "Unconstrained build operations Thread 6" [_thread_blocked, id=4808, stack(0x000000dc3b600000,0x000000dc3b700000)]
  0x0000023a81f89000 JavaThread "Unconstrained build operations Thread 7" [_thread_blocked, id=12292, stack(0x000000dc3b700000,0x000000dc3b800000)]
  0x0000023a81f85800 JavaThread "Unconstrained build operations Thread 8" [_thread_blocked, id=24376, stack(0x000000dc3b800000,0x000000dc3b900000)]
  0x0000023a81f83000 JavaThread "Unconstrained build operations Thread 9" [_thread_blocked, id=16884, stack(0x000000dc3b900000,0x000000dc3ba00000)]
  0x0000023a81f8f800 JavaThread "Unconstrained build operations Thread 10" [_thread_blocked, id=8148, stack(0x000000dc3ba00000,0x000000dc3bb00000)]
  0x0000023a81f89800 JavaThread "Unconstrained build operations Thread 11" [_thread_blocked, id=13244, stack(0x000000dc3bb00000,0x000000dc3bc00000)]
  0x0000023a81f8e800 JavaThread "Unconstrained build operations Thread 12" [_thread_blocked, id=8944, stack(0x000000dc3bc00000,0x000000dc3bd00000)]
  0x0000023a81f90000 JavaThread "Unconstrained build operations Thread 13" [_thread_blocked, id=7936, stack(0x000000dc3bd00000,0x000000dc3be00000)]
  0x0000023a81f8d800 JavaThread "Unconstrained build operations Thread 14" [_thread_blocked, id=16516, stack(0x000000dc3be00000,0x000000dc3bf00000)]
  0x0000023a81f8b800 JavaThread "Unconstrained build operations Thread 15" [_thread_blocked, id=5856, stack(0x000000dc3bf00000,0x000000dc3c000000)]
  0x0000023a81f8a800 JavaThread "Unconstrained build operations Thread 16" [_thread_blocked, id=17992, stack(0x000000dc3c000000,0x000000dc3c100000)]
  0x0000023a81f91000 JavaThread "Unconstrained build operations Thread 17" [_thread_blocked, id=17712, stack(0x000000dc3c100000,0x000000dc3c200000)]
  0x0000023a81f92000 JavaThread "Unconstrained build operations Thread 18" [_thread_blocked, id=25184, stack(0x000000dc3c200000,0x000000dc3c300000)]
  0x0000023a81f8c000 JavaThread "Unconstrained build operations Thread 19" [_thread_blocked, id=26480, stack(0x000000dc3c300000,0x000000dc3c400000)]
  0x0000023a81f8d000 JavaThread "Unconstrained build operations Thread 20" [_thread_blocked, id=20420, stack(0x000000dc3c400000,0x000000dc3c500000)]
  0x0000023afce1e800 JavaThread "Unconstrained build operations Thread 21" [_thread_blocked, id=19588, stack(0x000000dc3c500000,0x000000dc3c600000)]
  0x0000023afce1d000 JavaThread "Unconstrained build operations Thread 22" [_thread_blocked, id=26304, stack(0x000000dc3c600000,0x000000dc3c700000)]
  0x0000023afce23800 JavaThread "Unconstrained build operations Thread 23" [_thread_blocked, id=25856, stack(0x000000dc3c700000,0x000000dc3c800000)]
  0x0000023afce24000 JavaThread "Unconstrained build operations Thread 24" [_thread_blocked, id=25244, stack(0x000000dc3c800000,0x000000dc3c900000)]
  0x0000023afce20000 JavaThread "Unconstrained build operations Thread 25" [_thread_blocked, id=21876, stack(0x000000dc3c900000,0x000000dc3ca00000)]
  0x0000023afce26800 JavaThread "Unconstrained build operations Thread 26" [_thread_blocked, id=23208, stack(0x000000dc3ca00000,0x000000dc3cb00000)]
  0x0000023afce26000 JavaThread "Unconstrained build operations Thread 27" [_thread_blocked, id=16392, stack(0x000000dc3cb00000,0x000000dc3cc00000)]
  0x0000023afce27800 JavaThread "Unconstrained build operations Thread 28" [_thread_blocked, id=25736, stack(0x000000dc3cc00000,0x000000dc3cd00000)]
  0x0000023afce28800 JavaThread "Unconstrained build operations Thread 29" [_thread_blocked, id=18500, stack(0x000000dc3cd00000,0x000000dc3ce00000)]
  0x0000023afce29000 JavaThread "Unconstrained build operations Thread 30" [_thread_blocked, id=6408, stack(0x000000dc3ce00000,0x000000dc3cf00000)]
  0x0000023afce2a000 JavaThread "Unconstrained build operations Thread 31" [_thread_blocked, id=25012, stack(0x000000dc3cf00000,0x000000dc3d000000)]
  0x0000023afc208000 JavaThread "Unconstrained build operations Thread 32" [_thread_blocked, id=3532, stack(0x000000dc3d000000,0x000000dc3d100000)]
  0x0000023afc208800 JavaThread "Unconstrained build operations Thread 33" [_thread_blocked, id=26564, stack(0x000000dc3d100000,0x000000dc3d200000)]
  0x0000023afc209800 JavaThread "Unconstrained build operations Thread 34" [_thread_blocked, id=10080, stack(0x000000dc3d200000,0x000000dc3d300000)]
  0x0000023afc204800 JavaThread "Unconstrained build operations Thread 35" [_thread_blocked, id=26092, stack(0x000000dc3d300000,0x000000dc3d400000)]
  0x0000023afc20b000 JavaThread "Unconstrained build operations Thread 36" [_thread_blocked, id=15232, stack(0x000000dc3d400000,0x000000dc3d500000)]
  0x0000023afc20c000 JavaThread "Unconstrained build operations Thread 37" [_thread_blocked, id=18756, stack(0x000000dc3d500000,0x000000dc3d600000)]
  0x0000023afc20c800 JavaThread "Unconstrained build operations Thread 38" [_thread_blocked, id=25632, stack(0x000000dc3d600000,0x000000dc3d700000)]
  0x0000023afc20d800 JavaThread "Unconstrained build operations Thread 39" [_thread_blocked, id=27432, stack(0x000000dc3d700000,0x000000dc3d800000)]
  0x0000023af8efa000 JavaThread "Unconstrained build operations Thread 40" [_thread_blocked, id=17508, stack(0x000000dc3d800000,0x000000dc3d900000)]
  0x0000023af8ef5000 JavaThread "Unconstrained build operations Thread 41" [_thread_blocked, id=13716, stack(0x000000dc3d900000,0x000000dc3da00000)]
  0x0000023af8ef6800 JavaThread "Unconstrained build operations Thread 42" [_thread_blocked, id=25616, stack(0x000000dc3da00000,0x000000dc3db00000)]
  0x0000023af8ef7800 JavaThread "Unconstrained build operations Thread 43" [_thread_blocked, id=11712, stack(0x000000dc3db00000,0x000000dc3dc00000)]
  0x0000023afddfb000 JavaThread "Unconstrained build operations Thread 44" [_thread_blocked, id=25612, stack(0x000000dc3dc00000,0x000000dc3dd00000)]
  0x0000023afddfb800 JavaThread "Unconstrained build operations Thread 45" [_thread_blocked, id=24836, stack(0x000000dc3dd00000,0x000000dc3de00000)]
  0x0000023afddfc800 JavaThread "Unconstrained build operations Thread 46" [_thread_blocked, id=20960, stack(0x000000dc3de00000,0x000000dc3df00000)]
  0x0000023afddff800 JavaThread "Unconstrained build operations Thread 47" [_thread_blocked, id=27396, stack(0x000000dc3df00000,0x000000dc3e000000)]
  0x0000023afddfe000 JavaThread "Unconstrained build operations Thread 48" [_thread_blocked, id=27044, stack(0x000000dc3e000000,0x000000dc3e100000)]
  0x0000023afddff000 JavaThread "Unconstrained build operations Thread 49" [_thread_blocked, id=24184, stack(0x000000dc3e100000,0x000000dc3e200000)]
  0x0000023afddfa000 JavaThread "Unconstrained build operations Thread 50" [_thread_blocked, id=26472, stack(0x000000dc3e200000,0x000000dc3e300000)]
  0x0000023afde00800 JavaThread "Unconstrained build operations Thread 51" [_thread_blocked, id=3588, stack(0x000000dc3e300000,0x000000dc3e400000)]
  0x0000023afde01800 JavaThread "Unconstrained build operations Thread 52" [_thread_blocked, id=26404, stack(0x000000dc3e400000,0x000000dc3e500000)]
  0x0000023afddfd800 JavaThread "Unconstrained build operations Thread 53" [_thread_blocked, id=2456, stack(0x000000dc3e500000,0x000000dc3e600000)]
  0x0000023afde06800 JavaThread "Unconstrained build operations Thread 54" [_thread_blocked, id=22624, stack(0x000000dc3e600000,0x000000dc3e700000)]
  0x0000023afde04000 JavaThread "Unconstrained build operations Thread 55" [_thread_blocked, id=25840, stack(0x000000dc3e700000,0x000000dc3e800000)]
  0x0000023afde02000 JavaThread "Unconstrained build operations Thread 56" [_thread_blocked, id=26476, stack(0x000000dc3e800000,0x000000dc3e900000)]
  0x0000023afde08800 JavaThread "Unconstrained build operations Thread 57" [_thread_blocked, id=1856, stack(0x000000dc3e900000,0x000000dc3ea00000)]
  0x0000023afde07000 JavaThread "Unconstrained build operations Thread 58" [_thread_blocked, id=21836, stack(0x000000dc3ea00000,0x000000dc3eb00000)]
  0x0000023afde05800 JavaThread "Unconstrained build operations Thread 59" [_thread_blocked, id=3836, stack(0x000000dc3eb00000,0x000000dc3ec00000)]
  0x0000023afde03000 JavaThread "Unconstrained build operations Thread 60" [_thread_blocked, id=19168, stack(0x000000dc3ec00000,0x000000dc3ed00000)]
  0x0000023afde04800 JavaThread "Unconstrained build operations Thread 61" [_thread_blocked, id=19188, stack(0x000000dc3ed00000,0x000000dc3ee00000)]
  0x0000023afde08000 JavaThread "Unconstrained build operations Thread 62" [_thread_blocked, id=21088, stack(0x000000dc3ee00000,0x000000dc3ef00000)]
  0x0000023a80679000 JavaThread "Unconstrained build operations Thread 63" [_thread_blocked, id=9444, stack(0x000000dc3ef00000,0x000000dc3f000000)]
  0x0000023a8067d000 JavaThread "Unconstrained build operations Thread 64" [_thread_blocked, id=21852, stack(0x000000dc3f000000,0x000000dc3f100000)]
  0x0000023a8067b800 JavaThread "Unconstrained build operations Thread 65" [_thread_blocked, id=22412, stack(0x000000dc3f100000,0x000000dc3f200000)]
  0x0000023a8067c000 JavaThread "Unconstrained build operations Thread 66" [_thread_blocked, id=2460, stack(0x000000dc3f200000,0x000000dc3f300000)]
  0x0000023a8067e000 JavaThread "Unconstrained build operations Thread 67" [_thread_blocked, id=13624, stack(0x000000dc3f300000,0x000000dc3f400000)]
  0x0000023a8067e800 JavaThread "Unconstrained build operations Thread 68" [_thread_blocked, id=14500, stack(0x000000dc3f400000,0x000000dc3f500000)]
  0x0000023a8067a000 JavaThread "Unconstrained build operations Thread 69" [_thread_blocked, id=5252, stack(0x000000dc3f500000,0x000000dc3f600000)]
  0x0000023a8067f800 JavaThread "Unconstrained build operations Thread 70" [_thread_blocked, id=24164, stack(0x000000dc3f600000,0x000000dc3f700000)]
  0x0000023a80680800 JavaThread "Unconstrained build operations Thread 71" [_thread_blocked, id=10660, stack(0x000000dc3f700000,0x000000dc3f800000)]
  0x0000023a8067a800 JavaThread "Unconstrained build operations Thread 72" [_thread_blocked, id=9224, stack(0x000000dc3f800000,0x000000dc3f900000)]
  0x0000023a80686000 JavaThread "Unconstrained build operations Thread 73" [_thread_blocked, id=26420, stack(0x000000dc3f900000,0x000000dc3fa00000)]
  0x0000023a80687000 JavaThread "Unconstrained build operations Thread 74" [_thread_blocked, id=6380, stack(0x000000dc3fa00000,0x000000dc3fb00000)]
  0x0000023a80682000 JavaThread "Unconstrained build operations Thread 75" [_thread_blocked, id=10916, stack(0x000000dc3fb00000,0x000000dc3fc00000)]
  0x0000023a80682800 JavaThread "Unconstrained build operations Thread 76" [_thread_blocked, id=21892, stack(0x000000dc3fc00000,0x000000dc3fd00000)]
  0x0000023a80681000 JavaThread "Unconstrained build operations Thread 77" [_thread_blocked, id=7696, stack(0x000000dc3fd00000,0x000000dc3fe00000)]
  0x0000023a80687800 JavaThread "Unconstrained build operations Thread 78" [_thread_blocked, id=5452, stack(0x000000dc3fe00000,0x000000dc3ff00000)]
  0x0000023a80685000 JavaThread "Unconstrained build operations Thread 79" [_thread_blocked, id=8888, stack(0x000000dc3ff00000,0x000000dc40000000)]
  0x0000023a80683800 JavaThread "Unconstrained build operations Thread 80" [_thread_blocked, id=20004, stack(0x000000dc40a00000,0x000000dc40b00000)]
  0x0000023afcc4f800 JavaThread "build event listener" [_thread_blocked, id=8828, stack(0x000000dc40c00000,0x000000dc40d00000)]
  0x0000023afcc50800 JavaThread "pool-6-thread-1" [_thread_blocked, id=11872, stack(0x000000dc40d00000,0x000000dc40e00000)]
  0x0000023afcc53000 JavaThread "build event listener" [_thread_blocked, id=5316, stack(0x000000dc40e00000,0x000000dc40f00000)]
  0x0000023afcc54000 JavaThread "Execution worker for ':'" [_thread_blocked, id=24128, stack(0x000000dc40f00000,0x000000dc41000000)]
  0x0000023afcc4f000 JavaThread "Execution worker for ':' Thread 2" [_thread_blocked, id=2092, stack(0x000000dc41000000,0x000000dc41100000)]
  0x0000023afcc56800 JavaThread "Execution worker for ':' Thread 3" [_thread_blocked, id=10896, stack(0x000000dc41100000,0x000000dc41200000)]
  0x0000023afcc57000 JavaThread "Execution worker for ':' Thread 4" [_thread_blocked, id=26860, stack(0x000000dc41200000,0x000000dc41300000)]
  0x0000023afcc54800 JavaThread "Execution worker for ':' Thread 5" [_thread_blocked, id=19500, stack(0x000000dc41300000,0x000000dc41400000)]
  0x0000023afcc55800 JavaThread "Execution worker for ':' Thread 6" [_thread_blocked, id=7428, stack(0x000000dc41400000,0x000000dc41500000)]
  0x0000023afcc51800 JavaThread "Execution worker for ':' Thread 7" [_thread_blocked, id=16176, stack(0x000000dc41500000,0x000000dc41600000)]
  0x0000023afcc58000 JavaThread "Cache worker for execution history cache (C:\Games\AndroidProjects\MyApplication\.gradle\7.2\executionHistory)" [_thread_blocked, id=26600, stack(0x000000dc41900000,0x000000dc41a00000)]
  0x0000023afcc52000 JavaThread "WorkerExecutor Queue" [_thread_blocked, id=18468, stack(0x000000dc41a00000,0x000000dc41b00000)]
  0x0000023afcc5b000 JavaThread "WorkerExecutor Queue Thread 2" [_thread_blocked, id=7612, stack(0x000000dc41b00000,0x000000dc41c00000)]
  0x0000023afa4cc000 JavaThread "C2 CompilerThread1" daemon [_thread_in_native, id=27272, stack(0x000000dc3a200000,0x000000dc3a300000)]
  0x0000023afe415800 JavaThread "C2 CompilerThread2" daemon [_thread_blocked, id=23020, stack(0x000000dc3af00000,0x000000dc3b000000)]

Other Threads:
=>0x0000023af6e2f800 VMThread "VM Thread" [stack: 0x000000dc38100000,0x000000dc38200000] [id=18168]
  0x0000023af7032000 WatcherThread [stack: 0x000000dc38b00000,0x000000dc38c00000] [id=18236]
  0x0000023ad9fcc000 GCTaskThread "GC Thread#0" [stack: 0x000000dc37c00000,0x000000dc37d00000] [id=14580]
  0x0000023af7ceb000 GCTaskThread "GC Thread#1" [stack: 0x000000dc38e00000,0x000000dc38f00000] [id=25636]
  0x0000023af801e800 GCTaskThread "GC Thread#2" [stack: 0x000000dc38f00000,0x000000dc39000000] [id=19420]
  0x0000023af8269800 GCTaskThread "GC Thread#3" [stack: 0x000000dc39000000,0x000000dc39100000] [id=17896]
  0x0000023af7e9d000 GCTaskThread "GC Thread#4" [stack: 0x000000dc39100000,0x000000dc39200000] [id=13996]
  0x0000023af7dee000 GCTaskThread "GC Thread#5" [stack: 0x000000dc39200000,0x000000dc39300000] [id=26040]
  0x0000023af8140800 GCTaskThread "GC Thread#6" [stack: 0x000000dc39f00000,0x000000dc3a000000] [id=6228]
  0x0000023af95eb000 GCTaskThread "GC Thread#7" [stack: 0x000000dc3a000000,0x000000dc3a100000] [id=9888]
  0x0000023adc19a000 ConcurrentGCThread "G1 Main Marker" [stack: 0x000000dc37d00000,0x000000dc37e00000] [id=5832]
  0x0000023adc19b800 ConcurrentGCThread "G1 Conc#0" [stack: 0x000000dc37e00000,0x000000dc37f00000] [id=5184]
  0x0000023af7958800 ConcurrentGCThread "G1 Conc#1" [stack: 0x000000dc3a100000,0x000000dc3a200000] [id=17792]
  0x0000023adc22e800 ConcurrentGCThread "G1 Refine#0" [stack: 0x000000dc37f00000,0x000000dc38000000] [id=6272]
  0x0000023afad47000 ConcurrentGCThread "G1 Refine#1" [stack: 0x000000dc40500000,0x000000dc40600000] [id=16560]
  0x0000023afad49000 ConcurrentGCThread "G1 Refine#2" [stack: 0x000000dc40700000,0x000000dc40800000] [id=25372]
  0x0000023afad45000 ConcurrentGCThread "G1 Refine#3" [stack: 0x000000dc40800000,0x000000dc40900000] [id=22200]
  0x0000023afad4a800 ConcurrentGCThread "G1 Refine#4" [stack: 0x000000dc40900000,0x000000dc40a00000] [id=27096]
  0x0000023af6480800 ConcurrentGCThread "G1 Young RemSet Sampling" [stack: 0x000000dc38000000,0x000000dc38100000] [id=7768]

Threads with active compile tasks:
C2 CompilerThread0 648094 20179   !   4       com.sun.tools.javac.parser.JavaTokenizer::readToken (2179 bytes)
C1 CompilerThread0 648094 20443   !   3       com.sun.tools.javac.comp.Annotate::lambda$annotateLater$0 (224 bytes)
C2 CompilerThread1 648094 20346       4       android.databinding.tool.reflection.SdkUtil$ApiChecker::buildFullLookup (252 bytes)
C2 CompilerThread2 648094 20385       4       com.sun.tools.javac.code.Symtab::enterPackage (79 bytes)

VM state:at safepoint (normal execution)

VM Mutex/Monitor currently owned by a thread:  ([mutex/lock_event])
[0x0000023adc14ea30] Threads_lock - owner thread: 0x0000023af6e2f800
[0x0000023adc14e6d0] Heap_lock - owner thread: 0x0000023afcc52000

Heap address: 0x0000000080000000, size: 2048 MB, Compressed Oops mode: 32-bit
Narrow klass base: 0x0000000000000000, Narrow klass shift: 3
Compressed class space size: 1073741824 Address: 0x0000000100000000

Heap:
 garbage-first heap   total 481280K, used 285696K [0x0000000080000000, 0x0000000100000000)
  region size 1024K, 2 young (2048K), 2 survivors (2048K)
 Metaspace       used 128242K, capacity 132304K, committed 132428K, reserved 1165312K
  class space    used 15764K, capacity 17224K, committed 17228K, reserved 1048576K
Heap Regions: E=young(eden), S=young(survivor), O=old, HS=humongous(starts), HC=humongous(continues), CS=collection set, F=free, A=archive, TAMS=top-at-mark-start (previous, next)
|   0|0x0000000080000000, 0x0000000080100000, 0x0000000080100000|100%| O|  |TAMS 0x0000000080100000, 0x0000000080100000| Untracked 
|   1|0x0000000080100000, 0x0000000080200000, 0x0000000080200000|100%| O|  |TAMS 0x0000000080200000, 0x0000000080200000| Untracked 
|   2|0x0000000080200000, 0x0000000080300000, 0x0000000080300000|100%| O|  |TAMS 0x0000000080300000, 0x0000000080300000| Untracked 
|   3|0x0000000080300000, 0x0000000080400000, 0x0000000080400000|100%|HS|  |TAMS 0x0000000080400000, 0x0000000080400000| Complete 
|   4|0x0000000080400000, 0x0000000080500000, 0x0000000080500000|100%|HC|  |TAMS 0x0000000080500000, 0x0000000080500000| Complete 
|   5|0x0000000080500000, 0x0000000080600000, 0x0000000080600000|100%|HC|  |TAMS 0x0000000080600000, 0x0000000080600000| Complete 
|   6|0x0000000080600000, 0x0000000080700000, 0x0000000080700000|100%| O|  |TAMS 0x0000000080700000, 0x0000000080700000| Untracked 
|   7|0x0000000080700000, 0x0000000080800000, 0x0000000080800000|100%| O|  |TAMS 0x0000000080800000, 0x0000000080800000| Untracked 
|   8|0x0000000080800000, 0x0000000080900000, 0x0000000080900000|100%| O|  |TAMS 0x0000000080900000, 0x0000000080900000| Untracked 
|   9|0x0000000080900000, 0x0000000080a00000, 0x0000000080a00000|100%| O|  |TAMS 0x0000000080a00000, 0x0000000080a00000| Untracked 
|  10|0x0000000080a00000, 0x0000000080b00000, 0x0000000080b00000|100%| O|  |TAMS 0x0000000080b00000, 0x0000000080b00000| Untracked 
|  11|0x0000000080b00000, 0x0000000080c00000, 0x0000000080c00000|100%| O|  |TAMS 0x0000000080c00000, 0x0000000080c00000| Untracked 
|  12|0x0000000080c00000, 0x0000000080d00000, 0x0000000080d00000|100%| O|  |TAMS 0x0000000080d00000, 0x0000000080d00000| Untracked 
|  13|0x0000000080d00000, 0x0000000080e00000, 0x0000000080e00000|100%| O|  |TAMS 0x0000000080e00000, 0x0000000080e00000| Untracked 
|  14|0x0000000080e00000, 0x0000000080f00000, 0x0000000080f00000|100%| O|  |TAMS 0x0000000080f00000, 0x0000000080f00000| Untracked 
|  15|0x0000000080f00000, 0x0000000081000000, 0x0000000081000000|100%| O|  |TAMS 0x0000000081000000, 0x0000000081000000| Untracked 
|  16|0x0000000081000000, 0x0000000081100000, 0x0000000081100000|100%| O|  |TAMS 0x0000000081100000, 0x0000000081100000| Untracked 
|  17|0x0000000081100000, 0x0000000081200000, 0x0000000081200000|100%|HS|  |TAMS 0x0000000081200000, 0x0000000081200000| Complete 
|  18|0x0000000081200000, 0x0000000081300000, 0x0000000081300000|100%|HS|  |TAMS 0x0000000081300000, 0x0000000081300000| Complete 
|  19|0x0000000081300000, 0x0000000081400000, 0x0000000081400000|100%|HS|  |TAMS 0x0000000081400000, 0x0000000081400000| Complete 
|  20|0x0000000081400000, 0x0000000081500000, 0x0000000081500000|100%|HS|  |TAMS 0x0000000081500000, 0x0000000081500000| Complete 
|  21|0x0000000081500000, 0x0000000081600000, 0x0000000081600000|100%|HS|  |TAMS 0x0000000081600000, 0x0000000081600000| Complete 
|  22|0x0000000081600000, 0x0000000081700000, 0x0000000081700000|100%|HC|  |TAMS 0x0000000081700000, 0x0000000081700000| Complete 
|  23|0x0000000081700000, 0x0000000081800000, 0x0000000081800000|100%|HC|  |TAMS 0x0000000081800000, 0x0000000081800000| Complete 
|  24|0x0000000081800000, 0x0000000081900000, 0x0000000081900000|100%|HS|  |TAMS 0x0000000081900000, 0x0000000081900000| Complete 
|  25|0x0000000081900000, 0x0000000081a00000, 0x0000000081a00000|100%|HC|  |TAMS 0x0000000081a00000, 0x0000000081a00000| Complete 
|  26|0x0000000081a00000, 0x0000000081b00000, 0x0000000081b00000|100%| O|  |TAMS 0x0000000081b00000, 0x0000000081b00000| Untracked 
|  27|0x0000000081b00000, 0x0000000081c00000, 0x0000000081c00000|100%| O|  |TAMS 0x0000000081c00000, 0x0000000081c00000| Untracked 
|  28|0x0000000081c00000, 0x0000000081d00000, 0x0000000081d00000|100%| O|  |TAMS 0x0000000081d00000, 0x0000000081d00000| Untracked 
|  29|0x0000000081d00000, 0x0000000081e00000, 0x0000000081e00000|100%| O|  |TAMS 0x0000000081e00000, 0x0000000081e00000| Untracked 
|  30|0x0000000081e00000, 0x0000000081f00000, 0x0000000081f00000|100%| O|  |TAMS 0x0000000081f00000, 0x0000000081f00000| Untracked 
|  31|0x0000000081f00000, 0x0000000082000000, 0x0000000082000000|100%| O|  |TAMS 0x0000000082000000, 0x0000000082000000| Untracked 
|  32|0x0000000082000000, 0x0000000082100000, 0x0000000082100000|100%| O|  |TAMS 0x0000000082100000, 0x0000000082100000| Untracked 
|  33|0x0000000082100000, 0x0000000082200000, 0x0000000082200000|100%| O|  |TAMS 0x0000000082200000, 0x0000000082200000| Untracked 
|  34|0x0000000082200000, 0x0000000082300000, 0x0000000082300000|100%| O|  |TAMS 0x0000000082300000, 0x0000000082300000| Untracked 
|  35|0x0000000082300000, 0x0000000082400000, 0x0000000082400000|100%| O|  |TAMS 0x0000000082400000, 0x0000000082400000| Untracked 
|  36|0x0000000082400000, 0x0000000082500000, 0x0000000082500000|100%| O|  |TAMS 0x0000000082500000, 0x0000000082500000| Untracked 
|  37|0x0000000082500000, 0x0000000082600000, 0x0000000082600000|100%| O|  |TAMS 0x0000000082600000, 0x0000000082600000| Untracked 
|  38|0x0000000082600000, 0x0000000082700000, 0x0000000082700000|100%| O|  |TAMS 0x0000000082700000, 0x0000000082700000| Untracked 
|  39|0x0000000082700000, 0x0000000082800000, 0x0000000082800000|100%| O|  |TAMS 0x0000000082800000, 0x0000000082800000| Untracked 
|  40|0x0000000082800000, 0x0000000082900000, 0x0000000082900000|100%| O|  |TAMS 0x0000000082900000, 0x0000000082900000| Untracked 
|  41|0x0000000082900000, 0x0000000082a00000, 0x0000000082a00000|100%| O|  |TAMS 0x0000000082a00000, 0x0000000082a00000| Untracked 
|  42|0x0000000082a00000, 0x0000000082b00000, 0x0000000082b00000|100%| O|  |TAMS 0x0000000082a00000, 0x0000000082b00000| Untracked 
|  43|0x0000000082b00000, 0x0000000082c00000, 0x0000000082c00000|100%| O|  |TAMS 0x0000000082c00000, 0x0000000082c00000| Untracked 
|  44|0x0000000082c00000, 0x0000000082d00000, 0x0000000082d00000|100%| O|  |TAMS 0x0000000082d00000, 0x0000000082d00000| Untracked 
|  45|0x0000000082d00000, 0x0000000082e00000, 0x0000000082e00000|100%| O|  |TAMS 0x0000000082e00000, 0x0000000082e00000| Untracked 
|  46|0x0000000082e00000, 0x0000000082f00000, 0x0000000082f00000|100%| O|  |TAMS 0x0000000082f00000, 0x0000000082f00000| Untracked 
|  47|0x0000000082f00000, 0x0000000083000000, 0x0000000083000000|100%| O|  |TAMS 0x0000000083000000, 0x0000000083000000| Untracked 
|  48|0x0000000083000000, 0x0000000083100000, 0x0000000083100000|100%| O|  |TAMS 0x0000000083100000, 0x0000000083100000| Untracked 
|  49|0x0000000083100000, 0x0000000083200000, 0x0000000083200000|100%| O|  |TAMS 0x0000000083200000, 0x0000000083200000| Untracked 
|  50|0x0000000083200000, 0x0000000083300000, 0x0000000083300000|100%| O|  |TAMS 0x0000000083300000, 0x0000000083300000| Untracked 
|  51|0x0000000083300000, 0x0000000083400000, 0x0000000083400000|100%| O|  |TAMS 0x0000000083400000, 0x0000000083400000| Untracked 
|  52|0x0000000083400000, 0x0000000083500000, 0x0000000083500000|100%| O|  |TAMS 0x0000000083500000, 0x0000000083500000| Untracked 
|  53|0x0000000083500000, 0x0000000083600000, 0x0000000083600000|100%| O|  |TAMS 0x0000000083600000, 0x0000000083600000| Untracked 
|  54|0x0000000083600000, 0x0000000083700000, 0x0000000083700000|100%| O|  |TAMS 0x0000000083700000, 0x0000000083700000| Untracked 
|  55|0x0000000083700000, 0x0000000083800000, 0x0000000083800000|100%| O|  |TAMS 0x0000000083800000, 0x0000000083800000| Untracked 
|  56|0x0000000083800000, 0x0000000083900000, 0x0000000083900000|100%| O|  |TAMS 0x0000000083900000, 0x0000000083900000| Untracked 
|  57|0x0000000083900000, 0x0000000083a00000, 0x0000000083a00000|100%| O|  |TAMS 0x0000000083a00000, 0x0000000083a00000| Untracked 
|  58|0x0000000083a00000, 0x0000000083b00000, 0x0000000083b00000|100%| O|  |TAMS 0x0000000083b00000, 0x0000000083b00000| Untracked 
|  59|0x0000000083b00000, 0x0000000083c00000, 0x0000000083c00000|100%| O|  |TAMS 0x0000000083c00000, 0x0000000083c00000| Untracked 
|  60|0x0000000083c00000, 0x0000000083d00000, 0x0000000083d00000|100%| O|  |TAMS 0x0000000083d00000, 0x0000000083d00000| Untracked 
|  61|0x0000000083d00000, 0x0000000083e00000, 0x0000000083e00000|100%| O|  |TAMS 0x0000000083e00000, 0x0000000083e00000| Untracked 
|  62|0x0000000083e00000, 0x0000000083f00000, 0x0000000083f00000|100%| O|  |TAMS 0x0000000083f00000, 0x0000000083f00000| Untracked 
|  63|0x0000000083f00000, 0x0000000084000000, 0x0000000084000000|100%| O|  |TAMS 0x0000000084000000, 0x0000000084000000| Untracked 
|  64|0x0000000084000000, 0x0000000084100000, 0x0000000084100000|100%| O|  |TAMS 0x0000000084100000, 0x0000000084100000| Untracked 
|  65|0x0000000084100000, 0x0000000084200000, 0x0000000084200000|100%| O|  |TAMS 0x0000000084200000, 0x0000000084200000| Untracked 
|  66|0x0000000084200000, 0x0000000084300000, 0x0000000084300000|100%| O|  |TAMS 0x0000000084300000, 0x0000000084300000| Untracked 
|  67|0x0000000084300000, 0x0000000084400000, 0x0000000084400000|100%| O|  |TAMS 0x0000000084400000, 0x0000000084400000| Untracked 
|  68|0x0000000084400000, 0x0000000084500000, 0x0000000084500000|100%| O|  |TAMS 0x0000000084500000, 0x0000000084500000| Untracked 
|  69|0x0000000084500000, 0x0000000084600000, 0x0000000084600000|100%| O|  |TAMS 0x0000000084600000, 0x0000000084600000| Untracked 
|  70|0x0000000084600000, 0x0000000084700000, 0x0000000084700000|100%| O|  |TAMS 0x0000000084700000, 0x0000000084700000| Untracked 
|  71|0x0000000084700000, 0x0000000084800000, 0x0000000084800000|100%| O|  |TAMS 0x0000000084800000, 0x0000000084800000| Untracked 
|  72|0x0000000084800000, 0x0000000084900000, 0x0000000084900000|100%| O|  |TAMS 0x0000000084900000, 0x0000000084900000| Untracked 
|  73|0x0000000084900000, 0x0000000084a00000, 0x0000000084a00000|100%| O|  |TAMS 0x0000000084a00000, 0x0000000084a00000| Untracked 
|  74|0x0000000084a00000, 0x0000000084b00000, 0x0000000084b00000|100%| O|  |TAMS 0x0000000084b00000, 0x0000000084b00000| Untracked 
|  75|0x0000000084b00000, 0x0000000084c00000, 0x0000000084c00000|100%| O|  |TAMS 0x0000000084c00000, 0x0000000084c00000| Untracked 
|  76|0x0000000084c00000, 0x0000000084d00000, 0x0000000084d00000|100%| O|  |TAMS 0x0000000084d00000, 0x0000000084d00000| Untracked 
|  77|0x0000000084d00000, 0x0000000084e00000, 0x0000000084e00000|100%| O|  |TAMS 0x0000000084e00000, 0x0000000084e00000| Untracked 
|  78|0x0000000084e00000, 0x0000000084f00000, 0x0000000084f00000|100%| O|  |TAMS 0x0000000084f00000, 0x0000000084f00000| Untracked 
|  79|0x0000000084f00000, 0x0000000085000000, 0x0000000085000000|100%| O|  |TAMS 0x0000000085000000, 0x0000000085000000| Untracked 
|  80|0x0000000085000000, 0x0000000085100000, 0x0000000085100000|100%| O|  |TAMS 0x0000000085100000, 0x0000000085100000| Untracked 
|  81|0x0000000085100000, 0x0000000085200000, 0x0000000085200000|100%| O|  |TAMS 0x0000000085100000, 0x0000000085200000| Untracked 
|  82|0x0000000085200000, 0x0000000085300000, 0x0000000085300000|100%| O|  |TAMS 0x0000000085300000, 0x0000000085300000| Untracked 
|  83|0x0000000085300000, 0x0000000085400000, 0x0000000085400000|100%| O|  |TAMS 0x0000000085400000, 0x0000000085400000| Untracked 
|  84|0x0000000085400000, 0x0000000085500000, 0x0000000085500000|100%| O|  |TAMS 0x0000000085500000, 0x0000000085500000| Untracked 
|  85|0x0000000085500000, 0x0000000085600000, 0x0000000085600000|100%|HS|  |TAMS 0x0000000085600000, 0x0000000085600000| Complete 
|  86|0x0000000085600000, 0x0000000085700000, 0x0000000085700000|100%|HC|  |TAMS 0x0000000085700000, 0x0000000085700000| Complete 
|  87|0x0000000085700000, 0x0000000085800000, 0x0000000085800000|100%| O|  |TAMS 0x0000000085800000, 0x0000000085800000| Untracked 
|  88|0x0000000085800000, 0x0000000085900000, 0x0000000085900000|100%| O|  |TAMS 0x0000000085900000, 0x0000000085900000| Untracked 
|  89|0x0000000085900000, 0x0000000085a00000, 0x0000000085a00000|100%| O|  |TAMS 0x0000000085a00000, 0x0000000085a00000| Untracked 
|  90|0x0000000085a00000, 0x0000000085b00000, 0x0000000085b00000|100%| O|  |TAMS 0x0000000085b00000, 0x0000000085b00000| Untracked 
|  91|0x0000000085b00000, 0x0000000085c00000, 0x0000000085c00000|100%| O|  |TAMS 0x0000000085c00000, 0x0000000085c00000| Untracked 
|  92|0x0000000085c00000, 0x0000000085d00000, 0x0000000085d00000|100%| O|  |TAMS 0x0000000085d00000, 0x0000000085d00000| Untracked 
|  93|0x0000000085d00000, 0x0000000085e00000, 0x0000000085e00000|100%| O|  |TAMS 0x0000000085e00000, 0x0000000085e00000| Untracked 
|  94|0x0000000085e00000, 0x0000000085f00000, 0x0000000085f00000|100%| O|  |TAMS 0x0000000085f00000, 0x0000000085f00000| Untracked 
|  95|0x0000000085f00000, 0x0000000086000000, 0x0000000086000000|100%| O|  |TAMS 0x0000000086000000, 0x0000000086000000| Untracked 
|  96|0x0000000086000000, 0x0000000086100000, 0x0000000086100000|100%| O|  |TAMS 0x0000000086100000, 0x0000000086100000| Untracked 
|  97|0x0000000086100000, 0x0000000086200000, 0x0000000086200000|100%| O|  |TAMS 0x0000000086200000, 0x0000000086200000| Untracked 
|  98|0x0000000086200000, 0x0000000086300000, 0x0000000086300000|100%| O|  |TAMS 0x0000000086200000, 0x0000000086300000| Untracked 
|  99|0x0000000086300000, 0x0000000086400000, 0x0000000086400000|100%| O|  |TAMS 0x0000000086400000, 0x0000000086400000| Untracked 
| 100|0x0000000086400000, 0x0000000086500000, 0x0000000086500000|100%| O|  |TAMS 0x0000000086500000, 0x0000000086500000| Untracked 
| 101|0x0000000086500000, 0x0000000086600000, 0x0000000086600000|100%| O|  |TAMS 0x0000000086600000, 0x0000000086600000| Untracked 
| 102|0x0000000086600000, 0x0000000086700000, 0x0000000086700000|100%| O|  |TAMS 0x0000000086700000, 0x0000000086700000| Untracked 
| 103|0x0000000086700000, 0x0000000086800000, 0x0000000086800000|100%| O|  |TAMS 0x0000000086800000, 0x0000000086800000| Untracked 
| 104|0x0000000086800000, 0x0000000086900000, 0x0000000086900000|100%| O|  |TAMS 0x0000000086900000, 0x0000000086900000| Untracked 
| 105|0x0000000086900000, 0x0000000086a00000, 0x0000000086a00000|100%| O|  |TAMS 0x0000000086a00000, 0x0000000086a00000| Untracked 
| 106|0x0000000086a00000, 0x0000000086b00000, 0x0000000086b00000|100%|HS|  |TAMS 0x0000000086b00000, 0x0000000086b00000| Complete 
| 107|0x0000000086b00000, 0x0000000086c00000, 0x0000000086c00000|100%|HC|  |TAMS 0x0000000086c00000, 0x0000000086c00000| Complete 
| 108|0x0000000086c00000, 0x0000000086d00000, 0x0000000086d00000|100%|HC|  |TAMS 0x0000000086d00000, 0x0000000086d00000| Complete 
| 109|0x0000000086d00000, 0x0000000086e00000, 0x0000000086e00000|100%| O|  |TAMS 0x0000000086e00000, 0x0000000086e00000| Untracked 
| 110|0x0000000086e00000, 0x0000000086f00000, 0x0000000086f00000|100%| O|  |TAMS 0x0000000086f00000, 0x0000000086f00000| Untracked 
| 111|0x0000000086f00000, 0x0000000087000000, 0x0000000087000000|100%| O|  |TAMS 0x0000000087000000, 0x0000000087000000| Untracked 
| 112|0x0000000087000000, 0x0000000087100000, 0x0000000087100000|100%| O|  |TAMS 0x0000000087100000, 0x0000000087100000| Untracked 
| 113|0x0000000087100000, 0x0000000087200000, 0x0000000087200000|100%| O|  |TAMS 0x0000000087200000, 0x0000000087200000| Untracked 
| 114|0x0000000087200000, 0x0000000087300000, 0x0000000087300000|100%| O|  |TAMS 0x0000000087300000, 0x0000000087300000| Untracked 
| 115|0x0000000087300000, 0x0000000087400000, 0x0000000087400000|100%| O|  |TAMS 0x0000000087400000, 0x0000000087400000| Untracked 
| 116|0x0000000087400000, 0x0000000087500000, 0x0000000087500000|100%| O|  |TAMS 0x0000000087500000, 0x0000000087500000| Untracked 
| 117|0x0000000087500000, 0x0000000087600000, 0x0000000087600000|100%| O|  |TAMS 0x0000000087600000, 0x0000000087600000| Untracked 
| 118|0x0000000087600000, 0x0000000087700000, 0x0000000087700000|100%| O|  |TAMS 0x0000000087700000, 0x0000000087700000| Untracked 
| 119|0x0000000087700000, 0x0000000087800000, 0x0000000087800000|100%| O|  |TAMS 0x0000000087800000, 0x0000000087800000| Untracked 
| 120|0x0000000087800000, 0x0000000087900000, 0x0000000087900000|100%| O|  |TAMS 0x0000000087900000, 0x0000000087900000| Untracked 
| 121|0x0000000087900000, 0x0000000087a00000, 0x0000000087a00000|100%| O|  |TAMS 0x0000000087a00000, 0x0000000087a00000| Untracked 
| 122|0x0000000087a00000, 0x0000000087b00000, 0x0000000087b00000|100%| O|  |TAMS 0x0000000087b00000, 0x0000000087b00000| Untracked 
| 123|0x0000000087b00000, 0x0000000087c00000, 0x0000000087c00000|100%| O|  |TAMS 0x0000000087c00000, 0x0000000087c00000| Untracked 
| 124|0x0000000087c00000, 0x0000000087d00000, 0x0000000087d00000|100%| O|  |TAMS 0x0000000087d00000, 0x0000000087d00000| Untracked 
| 125|0x0000000087d00000, 0x0000000087e00000, 0x0000000087e00000|100%| O|  |TAMS 0x0000000087e00000, 0x0000000087e00000| Untracked 
| 126|0x0000000087e00000, 0x0000000087f00000, 0x0000000087f00000|100%| O|  |TAMS 0x0000000087f00000, 0x0000000087f00000| Untracked 
| 127|0x0000000087f00000, 0x0000000088000000, 0x0000000088000000|100%| O|  |TAMS 0x0000000087f00000, 0x0000000088000000| Untracked 
| 128|0x0000000088000000, 0x0000000088100000, 0x0000000088100000|100%| O|  |TAMS 0x0000000088100000, 0x0000000088100000| Untracked 
| 129|0x0000000088100000, 0x0000000088200000, 0x0000000088200000|100%| O|  |TAMS 0x0000000088200000, 0x0000000088200000| Untracked 
| 130|0x0000000088200000, 0x0000000088300000, 0x0000000088300000|100%| O|  |TAMS 0x0000000088300000, 0x0000000088300000| Untracked 
| 131|0x0000000088300000, 0x0000000088400000, 0x0000000088400000|100%| O|  |TAMS 0x0000000088400000, 0x0000000088400000| Untracked 
| 132|0x0000000088400000, 0x0000000088500000, 0x0000000088500000|100%| O|  |TAMS 0x0000000088500000, 0x0000000088500000| Untracked 
| 133|0x0000000088500000, 0x0000000088600000, 0x0000000088600000|100%| O|  |TAMS 0x0000000088600000, 0x0000000088600000| Untracked 
| 134|0x0000000088600000, 0x0000000088700000, 0x0000000088700000|100%| O|  |TAMS 0x0000000088700000, 0x0000000088700000| Untracked 
| 135|0x0000000088700000, 0x0000000088800000, 0x0000000088800000|100%| O|  |TAMS 0x0000000088800000, 0x0000000088800000| Untracked 
| 136|0x0000000088800000, 0x0000000088900000, 0x0000000088900000|100%| O|  |TAMS 0x0000000088900000, 0x0000000088900000| Untracked 
| 137|0x0000000088900000, 0x0000000088a00000, 0x0000000088a00000|100%| O|  |TAMS 0x0000000088a00000, 0x0000000088a00000| Untracked 
| 138|0x0000000088a00000, 0x0000000088b00000, 0x0000000088b00000|100%| O|  |TAMS 0x0000000088b00000, 0x0000000088b00000| Untracked 
| 139|0x0000000088b00000, 0x0000000088c00000, 0x0000000088c00000|100%|HS|  |TAMS 0x0000000088c00000, 0x0000000088c00000| Complete 
| 140|0x0000000088c00000, 0x0000000088d00000, 0x0000000088d00000|100%|HC|  |TAMS 0x0000000088d00000, 0x0000000088d00000| Complete 
| 141|0x0000000088d00000, 0x0000000088e00000, 0x0000000088e00000|100%| O|  |TAMS 0x0000000088e00000, 0x0000000088e00000| Untracked 
| 142|0x0000000088e00000, 0x0000000088f00000, 0x0000000088f00000|100%| O|  |TAMS 0x0000000088f00000, 0x0000000088f00000| Untracked 
| 143|0x0000000088f00000, 0x0000000089000000, 0x0000000089000000|100%| O|  |TAMS 0x0000000089000000, 0x0000000089000000| Untracked 
| 144|0x0000000089000000, 0x0000000089100000, 0x0000000089100000|100%| O|  |TAMS 0x0000000089100000, 0x0000000089100000| Untracked 
| 145|0x0000000089100000, 0x0000000089200000, 0x0000000089200000|100%| O|  |TAMS 0x0000000089200000, 0x0000000089200000| Untracked 
| 146|0x0000000089200000, 0x0000000089300000, 0x0000000089300000|100%| O|  |TAMS 0x0000000089300000, 0x0000000089300000| Untracked 
| 147|0x0000000089300000, 0x0000000089400000, 0x0000000089400000|100%| O|  |TAMS 0x0000000089400000, 0x0000000089400000| Untracked 
| 148|0x0000000089400000, 0x0000000089500000, 0x0000000089500000|100%| O|  |TAMS 0x0000000089500000, 0x0000000089500000| Untracked 
| 149|0x0000000089500000, 0x0000000089600000, 0x0000000089600000|100%| O|  |TAMS 0x0000000089500000, 0x0000000089600000| Untracked 
| 150|0x0000000089600000, 0x0000000089700000, 0x0000000089700000|100%| O|  |TAMS 0x0000000089700000, 0x0000000089700000| Untracked 
| 151|0x0000000089700000, 0x0000000089800000, 0x0000000089800000|100%| O|  |TAMS 0x0000000089800000, 0x0000000089800000| Untracked 
| 152|0x0000000089800000, 0x0000000089900000, 0x0000000089900000|100%| O|  |TAMS 0x0000000089900000, 0x0000000089900000| Untracked 
| 153|0x0000000089900000, 0x0000000089a00000, 0x0000000089a00000|100%| O|  |TAMS 0x0000000089a00000, 0x0000000089a00000| Untracked 
| 154|0x0000000089a00000, 0x0000000089b00000, 0x0000000089b00000|100%| O|  |TAMS 0x0000000089b00000, 0x0000000089b00000| Untracked 
| 155|0x0000000089b00000, 0x0000000089c00000, 0x0000000089c00000|100%| O|  |TAMS 0x0000000089c00000, 0x0000000089c00000| Untracked 
| 156|0x0000000089c00000, 0x0000000089d00000, 0x0000000089d00000|100%| O|  |TAMS 0x0000000089c00000, 0x0000000089d00000| Untracked 
| 157|0x0000000089d00000, 0x0000000089e00000, 0x0000000089e00000|100%| O|  |TAMS 0x0000000089e00000, 0x0000000089e00000| Untracked 
| 158|0x0000000089e00000, 0x0000000089f00000, 0x0000000089f00000|100%| O|  |TAMS 0x0000000089f00000, 0x0000000089f00000| Untracked 
| 159|0x0000000089f00000, 0x000000008a000000, 0x000000008a000000|100%| O|  |TAMS 0x000000008a000000, 0x000000008a000000| Untracked 
| 160|0x000000008a000000, 0x000000008a100000, 0x000000008a100000|100%| O|  |TAMS 0x000000008a100000, 0x000000008a100000| Untracked 
| 161|0x000000008a100000, 0x000000008a200000, 0x000000008a200000|100%| O|  |TAMS 0x000000008a200000, 0x000000008a200000| Untracked 
| 162|0x000000008a200000, 0x000000008a300000, 0x000000008a300000|100%| O|  |TAMS 0x000000008a300000, 0x000000008a300000| Untracked 
| 163|0x000000008a300000, 0x000000008a400000, 0x000000008a400000|100%| O|  |TAMS 0x000000008a400000, 0x000000008a400000| Untracked 
| 164|0x000000008a400000, 0x000000008a500000, 0x000000008a500000|100%| O|  |TAMS 0x000000008a500000, 0x000000008a500000| Untracked 
| 165|0x000000008a500000, 0x000000008a600000, 0x000000008a600000|100%| O|  |TAMS 0x000000008a600000, 0x000000008a600000| Untracked 
| 166|0x000000008a600000, 0x000000008a700000, 0x000000008a700000|100%| O|  |TAMS 0x000000008a700000, 0x000000008a700000| Untracked 
| 167|0x000000008a700000, 0x000000008a800000, 0x000000008a800000|100%| O|  |TAMS 0x000000008a800000, 0x000000008a800000| Untracked 
| 168|0x000000008a800000, 0x000000008a900000, 0x000000008a900000|100%| O|  |TAMS 0x000000008a900000, 0x000000008a900000| Untracked 
| 169|0x000000008a900000, 0x000000008aa00000, 0x000000008aa00000|100%| O|  |TAMS 0x000000008aa00000, 0x000000008aa00000| Untracked 
| 170|0x000000008aa00000, 0x000000008ab00000, 0x000000008ab00000|100%| O|  |TAMS 0x000000008ab00000, 0x000000008ab00000| Untracked 
| 171|0x000000008ab00000, 0x000000008ac00000, 0x000000008ac00000|100%| O|  |TAMS 0x000000008ac00000, 0x000000008ac00000| Untracked 
| 172|0x000000008ac00000, 0x000000008ad00000, 0x000000008ad00000|100%| O|  |TAMS 0x000000008ad00000, 0x000000008ad00000| Untracked 
| 173|0x000000008ad00000, 0x000000008ae00000, 0x000000008ae00000|100%| O|  |TAMS 0x000000008ae00000, 0x000000008ae00000| Untracked 
| 174|0x000000008ae00000, 0x000000008af00000, 0x000000008af00000|100%| O|  |TAMS 0x000000008af00000, 0x000000008af00000| Untracked 
| 175|0x000000008af00000, 0x000000008b000000, 0x000000008b000000|100%| O|  |TAMS 0x000000008b000000, 0x000000008b000000| Untracked 
| 176|0x000000008b000000, 0x000000008b100000, 0x000000008b100000|100%| O|  |TAMS 0x000000008b100000, 0x000000008b100000| Untracked 
| 177|0x000000008b100000, 0x000000008b200000, 0x000000008b200000|100%| O|  |TAMS 0x000000008b200000, 0x000000008b200000| Untracked 
| 178|0x000000008b200000, 0x000000008b300000, 0x000000008b300000|100%| O|  |TAMS 0x000000008b300000, 0x000000008b300000| Untracked 
| 179|0x000000008b300000, 0x000000008b400000, 0x000000008b400000|100%| O|  |TAMS 0x000000008b400000, 0x000000008b400000| Untracked 
| 180|0x000000008b400000, 0x000000008b500000, 0x000000008b500000|100%| O|  |TAMS 0x000000008b500000, 0x000000008b500000| Untracked 
| 181|0x000000008b500000, 0x000000008b600000, 0x000000008b600000|100%| O|  |TAMS 0x000000008b600000, 0x000000008b600000| Untracked 
| 182|0x000000008b600000, 0x000000008b700000, 0x000000008b700000|100%| O|  |TAMS 0x000000008b700000, 0x000000008b700000| Untracked 
| 183|0x000000008b700000, 0x000000008b800000, 0x000000008b800000|100%| O|  |TAMS 0x000000008b800000, 0x000000008b800000| Untracked 
| 184|0x000000008b800000, 0x000000008b900000, 0x000000008b900000|100%| O|  |TAMS 0x000000008b900000, 0x000000008b900000| Untracked 
| 185|0x000000008b900000, 0x000000008ba00000, 0x000000008ba00000|100%| O|  |TAMS 0x000000008ba00000, 0x000000008ba00000| Untracked 
| 186|0x000000008ba00000, 0x000000008bb00000, 0x000000008bb00000|100%| O|  |TAMS 0x000000008bb00000, 0x000000008bb00000| Untracked 
| 187|0x000000008bb00000, 0x000000008bc00000, 0x000000008bc00000|100%| O|  |TAMS 0x000000008bc00000, 0x000000008bc00000| Untracked 
| 188|0x000000008bc00000, 0x000000008bd00000, 0x000000008bd00000|100%| O|  |TAMS 0x000000008bd00000, 0x000000008bd00000| Untracked 
| 189|0x000000008bd00000, 0x000000008be00000, 0x000000008be00000|100%| O|  |TAMS 0x000000008be00000, 0x000000008be00000| Untracked 
| 190|0x000000008be00000, 0x000000008bf00000, 0x000000008bf00000|100%| O|  |TAMS 0x000000008bf00000, 0x000000008bf00000| Untracked 
| 191|0x000000008bf00000, 0x000000008c000000, 0x000000008c000000|100%| O|  |TAMS 0x000000008c000000, 0x000000008c000000| Untracked 
| 192|0x000000008c000000, 0x000000008c100000, 0x000000008c100000|100%| O|  |TAMS 0x000000008c100000, 0x000000008c100000| Untracked 
| 193|0x000000008c100000, 0x000000008c200000, 0x000000008c200000|100%| O|  |TAMS 0x000000008c200000, 0x000000008c200000| Untracked 
| 194|0x000000008c200000, 0x000000008c300000, 0x000000008c300000|100%| O|  |TAMS 0x000000008c300000, 0x000000008c300000| Untracked 
| 195|0x000000008c300000, 0x000000008c400000, 0x000000008c400000|100%| O|  |TAMS 0x000000008c400000, 0x000000008c400000| Untracked 
| 196|0x000000008c400000, 0x000000008c500000, 0x000000008c500000|100%| O|  |TAMS 0x000000008c500000, 0x000000008c500000| Untracked 
| 197|0x000000008c500000, 0x000000008c600000, 0x000000008c600000|100%| O|  |TAMS 0x000000008c600000, 0x000000008c600000| Untracked 
| 198|0x000000008c600000, 0x000000008c700000, 0x000000008c700000|100%| O|  |TAMS 0x000000008c700000, 0x000000008c700000| Untracked 
| 199|0x000000008c700000, 0x000000008c800000, 0x000000008c800000|100%| O|  |TAMS 0x000000008c800000, 0x000000008c800000| Untracked 
| 200|0x000000008c800000, 0x000000008c900000, 0x000000008c900000|100%| O|  |TAMS 0x000000008c900000, 0x000000008c900000| Untracked 
| 201|0x000000008c900000, 0x000000008ca00000, 0x000000008ca00000|100%| O|  |TAMS 0x000000008c900000, 0x000000008ca00000| Untracked 
| 202|0x000000008ca00000, 0x000000008cb00000, 0x000000008cb00000|100%| O|  |TAMS 0x000000008ca00000, 0x000000008cb00000| Untracked 
| 203|0x000000008cb00000, 0x000000008cc00000, 0x000000008cc00000|100%| O|  |TAMS 0x000000008cb00000, 0x000000008cc00000| Untracked 
| 204|0x000000008cc00000, 0x000000008cd00000, 0x000000008cd00000|100%| O|  |TAMS 0x000000008cd00000, 0x000000008cd00000| Untracked 
| 205|0x000000008cd00000, 0x000000008ce00000, 0x000000008ce00000|100%| O|  |TAMS 0x000000008ce00000, 0x000000008ce00000| Untracked 
| 206|0x000000008ce00000, 0x000000008cf00000, 0x000000008cf00000|100%| O|  |TAMS 0x000000008cf00000, 0x000000008cf00000| Untracked 
| 207|0x000000008cf00000, 0x000000008d000000, 0x000000008d000000|100%| O|  |TAMS 0x000000008d000000, 0x000000008d000000| Untracked 
| 208|0x000000008d000000, 0x000000008d100000, 0x000000008d100000|100%| O|  |TAMS 0x000000008d100000, 0x000000008d100000| Untracked 
| 209|0x000000008d100000, 0x000000008d200000, 0x000000008d200000|100%| O|  |TAMS 0x000000008d200000, 0x000000008d200000| Untracked 
| 210|0x000000008d200000, 0x000000008d300000, 0x000000008d300000|100%| O|  |TAMS 0x000000008d200000, 0x000000008d300000| Untracked 
| 211|0x000000008d300000, 0x000000008d400000, 0x000000008d400000|100%| O|  |TAMS 0x000000008d400000, 0x000000008d400000| Untracked 
| 212|0x000000008d400000, 0x000000008d500000, 0x000000008d500000|100%| O|  |TAMS 0x000000008d500000, 0x000000008d500000| Untracked 
| 213|0x000000008d500000, 0x000000008d600000, 0x000000008d600000|100%| O|  |TAMS 0x000000008d600000, 0x000000008d600000| Untracked 
| 214|0x000000008d600000, 0x000000008d700000, 0x000000008d700000|100%| O|  |TAMS 0x000000008d700000, 0x000000008d700000| Untracked 
| 215|0x000000008d700000, 0x000000008d800000, 0x000000008d800000|100%| O|  |TAMS 0x000000008d800000, 0x000000008d800000| Untracked 
| 216|0x000000008d800000, 0x000000008d900000, 0x000000008d900000|100%| O|  |TAMS 0x000000008d900000, 0x000000008d900000| Untracked 
| 217|0x000000008d900000, 0x000000008da00000, 0x000000008da00000|100%| O|  |TAMS 0x000000008da00000, 0x000000008da00000| Untracked 
| 218|0x000000008da00000, 0x000000008db00000, 0x000000008db00000|100%| O|  |TAMS 0x000000008da00000, 0x000000008da00000| Untracked 
| 219|0x000000008db00000, 0x000000008dc00000, 0x000000008dc00000|100%| O|  |TAMS 0x000000008db00000, 0x000000008dc00000| Untracked 
| 220|0x000000008dc00000, 0x000000008dd00000, 0x000000008dd00000|100%| O|  |TAMS 0x000000008dc00000, 0x000000008dd00000| Untracked 
| 221|0x000000008dd00000, 0x000000008de00000, 0x000000008de00000|100%| O|  |TAMS 0x000000008dd00000, 0x000000008de00000| Untracked 
| 222|0x000000008de00000, 0x000000008df00000, 0x000000008df00000|100%| O|  |TAMS 0x000000008de00000, 0x000000008df00000| Untracked 
| 223|0x000000008df00000, 0x000000008e000000, 0x000000008e000000|100%| O|  |TAMS 0x000000008df00000, 0x000000008e000000| Untracked 
| 224|0x000000008e000000, 0x000000008e100000, 0x000000008e100000|100%| O|  |TAMS 0x000000008e000000, 0x000000008e100000| Untracked 
| 225|0x000000008e100000, 0x000000008e200000, 0x000000008e200000|100%| O|  |TAMS 0x000000008e100000, 0x000000008e200000| Untracked 
| 226|0x000000008e200000, 0x000000008e300000, 0x000000008e300000|100%| O|  |TAMS 0x000000008e200000, 0x000000008e300000| Untracked 
| 227|0x000000008e300000, 0x000000008e400000, 0x000000008e400000|100%| O|  |TAMS 0x000000008e300000, 0x000000008e400000| Untracked 
| 228|0x000000008e400000, 0x000000008e500000, 0x000000008e500000|100%| O|  |TAMS 0x000000008e400000, 0x000000008e500000| Untracked 
| 229|0x000000008e500000, 0x000000008e600000, 0x000000008e600000|100%| O|  |TAMS 0x000000008e500000, 0x000000008e600000| Untracked 
| 230|0x000000008e600000, 0x000000008e700000, 0x000000008e700000|100%| O|  |TAMS 0x000000008e600000, 0x000000008e700000| Untracked 
| 231|0x000000008e700000, 0x000000008e800000, 0x000000008e800000|100%| O|  |TAMS 0x000000008e700000, 0x000000008e800000| Untracked 
| 232|0x000000008e800000, 0x000000008e900000, 0x000000008e900000|100%| O|  |TAMS 0x000000008e800000, 0x000000008e900000| Untracked 
| 233|0x000000008e900000, 0x000000008ea00000, 0x000000008ea00000|100%| O|  |TAMS 0x000000008e900000, 0x000000008ea00000| Untracked 
| 234|0x000000008ea00000, 0x000000008eb00000, 0x000000008eb00000|100%| O|  |TAMS 0x000000008ea00000, 0x000000008eb00000| Untracked 
| 235|0x000000008eb00000, 0x000000008ec00000, 0x000000008ec00000|100%| O|  |TAMS 0x000000008eb00000, 0x000000008ec00000| Untracked 
| 236|0x000000008ec00000, 0x000000008ed00000, 0x000000008ed00000|100%| O|  |TAMS 0x000000008ec00000, 0x000000008ed00000| Untracked 
| 237|0x000000008ed00000, 0x000000008ee00000, 0x000000008ee00000|100%| O|  |TAMS 0x000000008ed00000, 0x000000008ee00000| Untracked 
| 238|0x000000008ee00000, 0x000000008ee00000, 0x000000008ef00000|  0%| F|  |TAMS 0x000000008ee00000, 0x000000008ee00000| Untracked 
| 239|0x000000008ef00000, 0x000000008f000000, 0x000000008f000000|100%| O|  |TAMS 0x000000008ef00000, 0x000000008ef00000| Untracked 
| 240|0x000000008f000000, 0x000000008f100000, 0x000000008f100000|100%| O|  |TAMS 0x000000008f000000, 0x000000008f100000| Untracked 
| 241|0x000000008f100000, 0x000000008f200000, 0x000000008f200000|100%| S|CS|TAMS 0x000000008f100000, 0x000000008f100000| Complete 
| 242|0x000000008f200000, 0x000000008f200000, 0x000000008f300000|  0%| F|  |TAMS 0x000000008f200000, 0x000000008f200000| Untracked 
| 243|0x000000008f300000, 0x000000008f300000, 0x000000008f400000|  0%| F|  |TAMS 0x000000008f300000, 0x000000008f300000| Untracked 
| 244|0x000000008f400000, 0x000000008f400000, 0x000000008f500000|  0%| F|  |TAMS 0x000000008f400000, 0x000000008f400000| Untracked 
| 245|0x000000008f500000, 0x000000008f500000, 0x000000008f600000|  0%| F|  |TAMS 0x000000008f500000, 0x000000008f500000| Untracked 
| 246|0x000000008f600000, 0x000000008f600000, 0x000000008f700000|  0%| F|  |TAMS 0x000000008f600000, 0x000000008f600000| Untracked 
| 247|0x000000008f700000, 0x000000008f700000, 0x000000008f800000|  0%| F|  |TAMS 0x000000008f700000, 0x000000008f700000| Untracked 
| 248|0x000000008f800000, 0x000000008f800000, 0x000000008f900000|  0%| F|  |TAMS 0x000000008f800000, 0x000000008f800000| Untracked 
| 249|0x000000008f900000, 0x000000008f900000, 0x000000008fa00000|  0%| F|  |TAMS 0x000000008f900000, 0x000000008f900000| Untracked 
| 250|0x000000008fa00000, 0x000000008fa00000, 0x000000008fb00000|  0%| F|  |TAMS 0x000000008fa00000, 0x000000008fa00000| Untracked 
| 251|0x000000008fb00000, 0x000000008fb00000, 0x000000008fc00000|  0%| F|  |TAMS 0x000000008fb00000, 0x000000008fb00000| Untracked 
| 252|0x000000008fc00000, 0x000000008fc00000, 0x000000008fd00000|  0%| F|  |TAMS 0x000000008fc00000, 0x000000008fc00000| Untracked 
| 253|0x000000008fd00000, 0x000000008fe00000, 0x000000008fe00000|100%| O|  |TAMS 0x000000008fd00000, 0x000000008fe00000| Untracked 
| 254|0x000000008fe00000, 0x000000008ff00000, 0x000000008ff00000|100%| O|  |TAMS 0x000000008fe00000, 0x000000008ff00000| Untracked 
| 255|0x000000008ff00000, 0x0000000090000000, 0x0000000090000000|100%| O|  |TAMS 0x000000008ff00000, 0x0000000090000000| Untracked 
| 256|0x0000000090000000, 0x0000000090100000, 0x0000000090100000|100%| O|  |TAMS 0x0000000090000000, 0x0000000090100000| Untracked 
| 257|0x0000000090100000, 0x0000000090200000, 0x0000000090200000|100%| O|  |TAMS 0x0000000090100000, 0x0000000090200000| Untracked 
| 258|0x0000000090200000, 0x0000000090300000, 0x0000000090300000|100%| O|  |TAMS 0x0000000090200000, 0x0000000090300000| Untracked 
| 259|0x0000000090300000, 0x0000000090400000, 0x0000000090400000|100%| O|  |TAMS 0x0000000090300000, 0x0000000090400000| Untracked 
| 260|0x0000000090400000, 0x0000000090500000, 0x0000000090500000|100%| O|  |TAMS 0x0000000090400000, 0x0000000090500000| Untracked 
| 261|0x0000000090500000, 0x0000000090600000, 0x0000000090600000|100%| O|  |TAMS 0x0000000090500000, 0x0000000090600000| Untracked 
| 262|0x0000000090600000, 0x0000000090700000, 0x0000000090700000|100%| O|  |TAMS 0x0000000090600000, 0x0000000090700000| Untracked 
| 263|0x0000000090700000, 0x0000000090800000, 0x0000000090800000|100%| O|  |TAMS 0x0000000090700000, 0x0000000090700000| Untracked 
| 264|0x0000000090800000, 0x0000000090900000, 0x0000000090900000|100%| O|  |TAMS 0x0000000090800000, 0x0000000090800000| Untracked 
| 265|0x0000000090900000, 0x0000000090900000, 0x0000000090a00000|  0%| F|  |TAMS 0x0000000090900000, 0x0000000090900000| Untracked 
| 266|0x0000000090a00000, 0x0000000090b00000, 0x0000000090b00000|100%| O|  |TAMS 0x0000000090a00000, 0x0000000090a00000| Untracked 
| 267|0x0000000090b00000, 0x0000000090c00000, 0x0000000090c00000|100%| O|  |TAMS 0x0000000090b00000, 0x0000000090b00000| Untracked 
| 268|0x0000000090c00000, 0x0000000090d00000, 0x0000000090d00000|100%| O|  |TAMS 0x0000000090c00000, 0x0000000090c00000| Untracked 
| 269|0x0000000090d00000, 0x0000000090e00000, 0x0000000090e00000|100%| O|  |TAMS 0x0000000090d00000, 0x0000000090d00000| Untracked 
| 270|0x0000000090e00000, 0x0000000090f00000, 0x0000000090f00000|100%| O|  |TAMS 0x0000000090e00000, 0x0000000090e00000| Untracked 
| 271|0x0000000090f00000, 0x0000000091000000, 0x0000000091000000|100%| O|  |TAMS 0x0000000090f00000, 0x0000000090f00000| Untracked 
| 272|0x0000000091000000, 0x0000000091100000, 0x0000000091100000|100%| O|  |TAMS 0x0000000091000000, 0x0000000091000000| Untracked 
| 273|0x0000000091100000, 0x0000000091200000, 0x0000000091200000|100%| O|  |TAMS 0x0000000091100000, 0x0000000091100000| Untracked 
| 274|0x0000000091200000, 0x0000000091300000, 0x0000000091300000|100%| O|  |TAMS 0x0000000091200000, 0x0000000091200000| Untracked 
| 275|0x0000000091300000, 0x0000000091400000, 0x0000000091400000|100%| O|  |TAMS 0x0000000091300000, 0x0000000091300000| Untracked 
| 276|0x0000000091400000, 0x0000000091500000, 0x0000000091500000|100%| O|  |TAMS 0x0000000091400000, 0x0000000091400000| Untracked 
| 277|0x0000000091500000, 0x0000000091500000, 0x0000000091600000|  0%| F|  |TAMS 0x0000000091500000, 0x0000000091500000| Untracked 
| 278|0x0000000091600000, 0x0000000091700000, 0x0000000091700000|100%| O|  |TAMS 0x0000000091600000, 0x0000000091600000| Untracked 
| 279|0x0000000091700000, 0x0000000091800000, 0x0000000091800000|100%| O|  |TAMS 0x0000000091700000, 0x0000000091700000| Untracked 
| 280|0x0000000091800000, 0x0000000091900000, 0x0000000091900000|100%| O|  |TAMS 0x0000000091800000, 0x0000000091800000| Untracked 
| 281|0x0000000091900000, 0x0000000091a00000, 0x0000000091a00000|100%| O|  |TAMS 0x0000000091900000, 0x0000000091900000| Untracked 
| 282|0x0000000091a00000, 0x0000000091b00000, 0x0000000091b00000|100%| O|  |TAMS 0x0000000091a00000, 0x0000000091a00000| Untracked 
| 283|0x0000000091b00000, 0x0000000091c00000, 0x0000000091c00000|100%| O|  |TAMS 0x0000000091b00000, 0x0000000091b00000| Untracked 
| 284|0x0000000091c00000, 0x0000000091d00000, 0x0000000091d00000|100%| O|  |TAMS 0x0000000091c00000, 0x0000000091c00000| Untracked 
| 285|0x0000000091d00000, 0x0000000091e00000, 0x0000000091e00000|100%| O|  |TAMS 0x0000000091d00000, 0x0000000091d00000| Untracked 
| 286|0x0000000091e00000, 0x0000000091f00000, 0x0000000091f00000|100%| O|  |TAMS 0x0000000091e00000, 0x0000000091e00000| Untracked 
| 287|0x0000000091f00000, 0x0000000092000000, 0x0000000092000000|100%| O|  |TAMS 0x0000000091f00000, 0x0000000091f00000| Untracked 
| 288|0x0000000092000000, 0x0000000092100000, 0x0000000092100000|100%| O|  |TAMS 0x0000000092000000, 0x0000000092000000| Untracked 
| 289|0x0000000092100000, 0x0000000092200000, 0x0000000092200000|100%| O|  |TAMS 0x0000000092100000, 0x0000000092100000| Untracked 
| 290|0x0000000092200000, 0x0000000092300000, 0x0000000092300000|100%| S|CS|TAMS 0x0000000092200000, 0x0000000092200000| Complete 
| 291|0x0000000092300000, 0x0000000092400000, 0x0000000092400000|100%| O|  |TAMS 0x0000000092300000, 0x0000000092300000| Untracked 
| 292|0x0000000092400000, 0x0000000092500000, 0x0000000092500000|100%| O|  |TAMS 0x0000000092400000, 0x0000000092400000| Untracked 

Card table byte_map: [0x0000023aef380000,0x0000023aef780000] _byte_map_base: 0x0000023aeef80000

Marking Bits (Prev, Next): (CMBitMap*) 0x0000023adc191160, (CMBitMap*) 0x0000023adc191128
 Prev Bits: [0x0000023af1b80000, 0x0000023af3b80000)
 Next Bits: [0x0000023aefb80000, 0x0000023af1b80000)

Polling page: 0x0000023ada0c0000

Metaspace:

Usage:
  Non-class:    112.38 MB capacity,   109.84 MB ( 98%) used,     2.12 MB (  2%) free+waste,   431.06 KB ( <1%) overhead. 
      Class:     16.82 MB capacity,    15.40 MB ( 92%) used,     1.24 MB (  7%) free+waste,   190.56 KB (  1%) overhead. 
       Both:    129.20 MB capacity,   125.24 MB ( 97%) used,     3.36 MB (  3%) free+waste,   621.63 KB ( <1%) overhead. 

Virtual space:
  Non-class space:      114.00 MB reserved,     112.50 MB ( 99%) committed 
      Class space:        1.00 GB reserved,      16.82 MB (  2%) committed 
             Both:        1.11 GB reserved,     129.32 MB ( 11%) committed 

Chunk freelists:
   Non-Class:  56.00 KB
       Class:  0 bytes
        Both:  56.00 KB

MaxMetaspaceSize: 17179869184.00 GB
CompressedClassSpaceSize: 1.00 GB

CodeHeap 'non-profiled nmethods': size=120000Kb used=14183Kb max_used=14941Kb free=105817Kb
 bounds [0x0000023ae7720000, 0x0000023ae85c0000, 0x0000023aeec50000]
CodeHeap 'profiled nmethods': size=120000Kb used=40386Kb max_used=42248Kb free=79614Kb
 bounds [0x0000023ae01f0000, 0x0000023ae2b40000, 0x0000023ae7720000]
CodeHeap 'non-nmethods': size=5760Kb used=2362Kb max_used=2421Kb free=3397Kb
 bounds [0x0000023adfc50000, 0x0000023adfec0000, 0x0000023ae01f0000]
 total_blobs=19825 nmethods=18847 adapters=887
 compilation: enabled
              stopped_count=0, restarted_count=0
 full_count=0

Compilation events (20 events):
Event: 648.071 Thread 0x0000023af6e9f000 nmethod 20429 0x0000023ae035c910 code [0x0000023ae035cac0, 0x0000023ae035cc88]
Event: 648.071 Thread 0x0000023af6e9f000 20434       3       com.sun.tools.javac.comp.Resolve$5::hasNext (55 bytes)
Event: 648.071 Thread 0x0000023af6e9f000 nmethod 20434 0x0000023ae03d9710 code [0x0000023ae03d9900, 0x0000023ae03d9df8]
Event: 648.071 Thread 0x0000023af6e9f000 20436       3       com.sun.tools.javac.comp.Resolve$LookupFilter::<init> (15 bytes)
Event: 648.071 Thread 0x0000023af6e9f000 nmethod 20436 0x0000023ae0364d90 code [0x0000023ae0364f40, 0x0000023ae03650f8]
Event: 648.071 Thread 0x0000023af6e9f000 20433       3       java.util.RegularEnumSet::clear (6 bytes)
Event: 648.071 Thread 0x0000023af6e9f000 nmethod 20433 0x0000023ae026db90 code [0x0000023ae026dd40, 0x0000023ae026de58]
Event: 648.071 Thread 0x0000023af6e9f000 20421       3       com.sun.tools.javac.tree.TreeInfo::isEnumInit (55 bytes)
Event: 648.071 Thread 0x0000023af6e9f000 nmethod 20421 0x0000023ae03dfb10 code [0x0000023ae03dfce0, 0x0000023ae03e00a8]
Event: 648.071 Thread 0x0000023af6e9f000 20422       3       com.sun.tools.javac.comp.Check::checkTransparentVar (106 bytes)
Event: 648.072 Thread 0x0000023af6e9f000 nmethod 20422 0x0000023ae0409710 code [0x0000023ae0409960, 0x0000023ae040a2e8]
Event: 648.072 Thread 0x0000023af6e9f000 20425       1       com.sun.tools.javac.code.Type$ClassType::isReference (2 bytes)
Event: 648.072 Thread 0x0000023af6e9f000 nmethod 20425 0x0000023ae779e490 code [0x0000023ae779e640, 0x0000023ae779e6f8]
Event: 648.072 Thread 0x0000023af6e9f000 20440       3       com.sun.tools.javac.code.Types$ImplementationCache$Entry::matches (30 bytes)
Event: 648.072 Thread 0x0000023af6e9f000 nmethod 20440 0x0000023ae02e7890 code [0x0000023ae02e7a40, 0x0000023ae02e7c18]
Event: 648.072 Thread 0x0000023af6e9f000 20441       3       com.sun.tools.javac.code.Types::isSameType (16 bytes)
Event: 648.073 Thread 0x0000023af6e9f000 nmethod 20441 0x0000023ae0409090 code [0x0000023ae0409260, 0x0000023ae04095a8]
Event: 648.074 Thread 0x0000023af6e9f000 20442       3       com.sun.tools.javac.comp.Annotate$$Lambda$1512/0x0000000100fc6c40::run (24 bytes)
Event: 648.074 Thread 0x0000023af6e9f000 nmethod 20442 0x0000023ae0333090 code [0x0000023ae0333240, 0x0000023ae0333388]
Event: 648.074 Thread 0x0000023af6e9f000 20443   !   3       com.sun.tools.javac.comp.Annotate::lambda$annotateLater$0 (224 bytes)

GC Heap History (20 events):
Event: 647.452 GC heap after
{Heap after GC invocations=53 (full 0):
 garbage-first heap   total 258048K, used 209218K [0x0000000080000000, 0x0000000100000000)
  region size 1024K, 2 young (2048K), 2 survivors (2048K)
 Metaspace       used 127335K, capacity 131351K, committed 131660K, reserved 1163264K
  class space    used 15690K, capacity 17147K, committed 17228K, reserved 1048576K
}
Event: 647.479 GC heap before
{Heap before GC invocations=53 (full 0):
 garbage-first heap   total 258048K, used 219458K [0x0000000080000000, 0x0000000100000000)
  region size 1024K, 12 young (12288K), 2 survivors (2048K)
 Metaspace       used 127337K, capacity 131351K, committed 131660K, reserved 1163264K
  class space    used 15690K, capacity 17147K, committed 17228K, reserved 1048576K
}
Event: 647.486 GC heap after
{Heap after GC invocations=54 (full 0):
 garbage-first heap   total 258048K, used 217828K [0x0000000080000000, 0x0000000100000000)
  region size 1024K, 2 young (2048K), 2 survivors (2048K)
 Metaspace       used 127337K, capacity 131351K, committed 131660K, reserved 1163264K
  class space    used 15690K, capacity 17147K, committed 17228K, reserved 1048576K
}
Event: 647.500 GC heap before
{Heap before GC invocations=54 (full 0):
 garbage-first heap   total 258048K, used 228068K [0x0000000080000000, 0x0000000100000000)
  region size 1024K, 12 young (12288K), 2 survivors (2048K)
 Metaspace       used 127337K, capacity 131351K, committed 131660K, reserved 1163264K
  class space    used 15690K, capacity 17147K, committed 17228K, reserved 1048576K
}
Event: 647.505 GC heap after
{Heap after GC invocations=55 (full 0):
 garbage-first heap   total 258048K, used 225883K [0x0000000080000000, 0x0000000100000000)
  region size 1024K, 2 young (2048K), 2 survivors (2048K)
 Metaspace       used 127337K, capacity 131351K, committed 131660K, reserved 1163264K
  class space    used 15690K, capacity 17147K, committed 17228K, reserved 1048576K
}
Event: 647.524 GC heap before
{Heap before GC invocations=55 (full 0):
 garbage-first heap   total 258048K, used 236123K [0x0000000080000000, 0x0000000100000000)
  region size 1024K, 12 young (12288K), 2 survivors (2048K)
 Metaspace       used 127337K, capacity 131351K, committed 131660K, reserved 1163264K
  class space    used 15690K, capacity 17147K, committed 17228K, reserved 1048576K
}
Event: 647.530 GC heap after
{Heap after GC invocations=56 (full 0):
 garbage-first heap   total 258048K, used 233659K [0x0000000080000000, 0x0000000100000000)
  region size 1024K, 2 young (2048K), 2 survivors (2048K)
 Metaspace       used 127337K, capacity 131351K, committed 131660K, reserved 1163264K
  class space    used 15690K, capacity 17147K, committed 17228K, reserved 1048576K
}
Event: 647.799 GC heap before
{Heap before GC invocations=56 (full 0):
 garbage-first heap   total 258048K, used 242875K [0x0000000080000000, 0x0000000100000000)
  region size 1024K, 12 young (12288K), 2 survivors (2048K)
 Metaspace       used 127834K, capacity 131882K, committed 131916K, reserved 1163264K
  class space    used 15740K, capacity 17216K, committed 17228K, reserved 1048576K
}
Event: 647.802 GC heap after
{Heap after GC invocations=57 (full 0):
 garbage-first heap   total 258048K, used 236143K [0x0000000080000000, 0x0000000100000000)
  region size 1024K, 2 young (2048K), 2 survivors (2048K)
 Metaspace       used 127834K, capacity 131882K, committed 131916K, reserved 1163264K
  class space    used 15740K, capacity 17216K, committed 17228K, reserved 1048576K
}
Event: 647.884 GC heap before
{Heap before GC invocations=58 (full 0):
 garbage-first heap   total 258048K, used 246383K [0x0000000080000000, 0x0000000100000000)
  region size 1024K, 12 young (12288K), 2 survivors (2048K)
 Metaspace       used 128172K, capacity 132235K, committed 132428K, reserved 1165312K
  class space    used 15764K, capacity 17224K, committed 17228K, reserved 1048576K
}
Event: 647.887 GC heap after
{Heap after GC invocations=59 (full 0):
 garbage-first heap   total 258048K, used 239004K [0x0000000080000000, 0x0000000100000000)
  region size 1024K, 2 young (2048K), 2 survivors (2048K)
 Metaspace       used 128172K, capacity 132235K, committed 132428K, reserved 1165312K
  class space    used 15764K, capacity 17224K, committed 17228K, reserved 1048576K
}
Event: 647.912 GC heap before
{Heap before GC invocations=59 (full 0):
 garbage-first heap   total 258048K, used 248220K [0x0000000080000000, 0x0000000100000000)
  region size 1024K, 12 young (12288K), 2 survivors (2048K)
 Metaspace       used 128172K, capacity 132235K, committed 132428K, reserved 1165312K
  class space    used 15764K, capacity 17224K, committed 17228K, reserved 1048576K
}
Event: 647.927 GC heap after
{Heap after GC invocations=60 (full 0):
 garbage-first heap   total 267264K, used 243704K [0x0000000080000000, 0x0000000100000000)
  region size 1024K, 2 young (2048K), 2 survivors (2048K)
 Metaspace       used 128172K, capacity 132235K, committed 132428K, reserved 1165312K
  class space    used 15764K, capacity 17224K, committed 17228K, reserved 1048576K
}
Event: 647.950 GC heap before
{Heap before GC invocations=60 (full 0):
 garbage-first heap   total 267264K, used 253944K [0x0000000080000000, 0x0000000100000000)
  region size 1024K, 13 young (13312K), 2 survivors (2048K)
 Metaspace       used 128172K, capacity 132235K, committed 132428K, reserved 1165312K
  class space    used 15764K, capacity 17224K, committed 17228K, reserved 1048576K
}
Event: 647.955 GC heap after
{Heap after GC invocations=61 (full 0):
 garbage-first heap   total 269312K, used 256000K [0x0000000080000000, 0x0000000100000000)
  region size 1024K, 2 young (2048K), 2 survivors (2048K)
 Metaspace       used 128172K, capacity 132235K, committed 132428K, reserved 1165312K
  class space    used 15764K, capacity 17224K, committed 17228K, reserved 1048576K
}
Event: 647.970 GC heap before
{Heap before GC invocations=61 (full 0):
 garbage-first heap   total 269312K, used 267264K [0x0000000080000000, 0x0000000100000000)
  region size 1024K, 13 young (13312K), 2 survivors (2048K)
 Metaspace       used 128172K, capacity 132235K, committed 132428K, reserved 1165312K
  class space    used 15764K, capacity 17224K, committed 17228K, reserved 1048576K
}
Event: 647.976 GC heap after
{Heap after GC invocations=62 (full 0):
 garbage-first heap   total 281600K, used 268288K [0x0000000080000000, 0x0000000100000000)
  region size 1024K, 2 young (2048K), 2 survivors (2048K)
 Metaspace       used 128172K, capacity 132235K, committed 132428K, reserved 1165312K
  class space    used 15764K, capacity 17224K, committed 17228K, reserved 1048576K
}
Event: 647.998 GC heap before
{Heap before GC invocations=62 (full 0):
 garbage-first heap   total 281600K, used 279552K [0x0000000080000000, 0x0000000100000000)
  region size 1024K, 13 young (13312K), 2 survivors (2048K)
 Metaspace       used 128172K, capacity 132235K, committed 132428K, reserved 1165312K
  class space    used 15764K, capacity 17224K, committed 17228K, reserved 1048576K
}
Event: 648.005 GC heap after
{Heap after GC invocations=63 (full 0):
 garbage-first heap   total 293888K, used 280576K [0x0000000080000000, 0x0000000100000000)
  region size 1024K, 2 young (2048K), 2 survivors (2048K)
 Metaspace       used 128172K, capacity 132235K, committed 132428K, reserved 1165312K
  class space    used 15764K, capacity 17224K, committed 17228K, reserved 1048576K
}
Event: 648.076 GC heap before
{Heap before GC invocations=63 (full 0):
 garbage-first heap   total 293888K, used 292864K [0x0000000080000000, 0x0000000100000000)
  region size 1024K, 14 young (14336K), 2 survivors (2048K)
 Metaspace       used 128242K, capacity 132304K, committed 132428K, reserved 1165312K
  class space    used 15764K, capacity 17224K, committed 17228K, reserved 1048576K
}

Deoptimization events (20 events):
Event: 647.907 Thread 0x0000023afcc52000 DEOPT PACKING pc=0x0000023ae2b35678 sp=0x000000dc41afba30
Event: 647.907 Thread 0x0000023afcc52000 DEOPT UNPACKING pc=0x0000023adfc77c0e sp=0x000000dc41afaf50 mode 0
Event: 647.907 Thread 0x0000023afcc52000 DEOPT PACKING pc=0x0000023ae2b35678 sp=0x000000dc41afbb50
Event: 647.907 Thread 0x0000023afcc52000 DEOPT UNPACKING pc=0x0000023adfc77c0e sp=0x000000dc41afb070 mode 0
Event: 647.907 Thread 0x0000023afcc52000 DEOPT PACKING pc=0x0000023ae2b35678 sp=0x000000dc41afbba0
Event: 647.907 Thread 0x0000023afcc52000 DEOPT UNPACKING pc=0x0000023adfc77c0e sp=0x000000dc41afb0c0 mode 0
Event: 647.907 Thread 0x0000023afcc52000 DEOPT PACKING pc=0x0000023ae2b35678 sp=0x000000dc41afbae0
Event: 647.907 Thread 0x0000023afcc52000 DEOPT UNPACKING pc=0x0000023adfc77c0e sp=0x000000dc41afb000 mode 0
Event: 647.908 Thread 0x0000023afcc52000 DEOPT PACKING pc=0x0000023ae2b35678 sp=0x000000dc41afba30
Event: 647.908 Thread 0x0000023afcc52000 DEOPT UNPACKING pc=0x0000023adfc77c0e sp=0x000000dc41afaf50 mode 0
Event: 647.948 Thread 0x0000023afcc52000 Uncommon trap: trap_request=0xffffff4d fr.pc=0x0000023ae855e848 relative=0x0000000000000488
Event: 647.948 Thread 0x0000023afcc52000 Uncommon trap: reason=unstable_if action=reinterpret pc=0x0000023ae855e848 method=org.apache.xerces.dom.ParentNode.nodeListItem(I)Lorg/w3c/dom/Node; @ 4 c2
Event: 647.948 Thread 0x0000023afcc52000 DEOPT PACKING pc=0x0000023ae855e848 sp=0x000000dc41afc050
Event: 647.948 Thread 0x0000023afcc52000 DEOPT UNPACKING pc=0x0000023adfc583af sp=0x000000dc41afbf90 mode 2
Event: 647.949 Thread 0x0000023afcc52000 DEOPT PACKING pc=0x0000023ae2a6d6c4 sp=0x000000dc41afc0b0
Event: 647.949 Thread 0x0000023afcc52000 DEOPT UNPACKING pc=0x0000023adfc77c0e sp=0x000000dc41afb5b8 mode 0
Event: 648.008 Thread 0x0000023afcc52000 Uncommon trap: trap_request=0xffffff4d fr.pc=0x0000023ae8592084 relative=0x0000000000003e04
Event: 648.008 Thread 0x0000023afcc52000 Uncommon trap: reason=unstable_if action=reinterpret pc=0x0000023ae8592084 method=android.databinding.tool.reflection.SdkUtil$ApiChecker.buildFullLookup()V @ 49 c2
Event: 648.008 Thread 0x0000023afcc52000 DEOPT PACKING pc=0x0000023ae8592084 sp=0x000000dc41afc0e0
Event: 648.008 Thread 0x0000023afcc52000 DEOPT UNPACKING pc=0x0000023adfc583af sp=0x000000dc41afc0b8 mode 2

Classes redefined (0 events):
No events

Internal exceptions (20 events):
Event: 646.856 Thread 0x0000023afcc52000 Exception <a 'sun/nio/fs/WindowsException'{0x000000008e8f3ce0}> (0x000000008e8f3ce0) thrown at [./src/hotspot/share/prims/jni.cpp, line 615]
Event: 647.798 Thread 0x0000023afcc52000 Exception <a 'sun/nio/fs/WindowsException'{0x000000008f2f3590}> (0x000000008f2f3590) thrown at [./src/hotspot/share/prims/jni.cpp, line 615]
Event: 647.798 Thread 0x0000023afcc52000 Exception <a 'sun/nio/fs/WindowsException'{0x000000008f2f4018}> (0x000000008f2f4018) thrown at [./src/hotspot/share/prims/jni.cpp, line 615]
Event: 647.798 Thread 0x0000023afcc52000 Exception <a 'sun/nio/fs/WindowsException'{0x000000008f2f4a78}> (0x000000008f2f4a78) thrown at [./src/hotspot/share/prims/jni.cpp, line 615]
Event: 647.798 Thread 0x0000023afcc52000 Exception <a 'sun/nio/fs/WindowsException'{0x000000008f2f52e0}> (0x000000008f2f52e0) thrown at [./src/hotspot/share/prims/jni.cpp, line 615]
Event: 647.798 Thread 0x0000023afcc52000 Exception <a 'sun/nio/fs/WindowsException'{0x000000008f2f5ce0}> (0x000000008f2f5ce0) thrown at [./src/hotspot/share/prims/jni.cpp, line 615]
Event: 647.798 Thread 0x0000023afcc52000 Exception <a 'sun/nio/fs/WindowsException'{0x000000008f2f5d60}> (0x000000008f2f5d60) thrown at [./src/hotspot/share/prims/jni.cpp, line 615]
Event: 647.798 Thread 0x0000023afcc52000 Exception <a 'sun/nio/fs/WindowsException'{0x000000008f2f6f70}> (0x000000008f2f6f70) thrown at [./src/hotspot/share/prims/jni.cpp, line 615]
Event: 647.814 Thread 0x0000023afcc52000 Exception <a 'sun/nio/fs/WindowsException'{0x000000008fb933b0}> (0x000000008fb933b0) thrown at [./src/hotspot/share/prims/jni.cpp, line 615]
Event: 647.814 Thread 0x0000023afcc52000 Exception <a 'sun/nio/fs/WindowsException'{0x000000008fb93e38}> (0x000000008fb93e38) thrown at [./src/hotspot/share/prims/jni.cpp, line 615]
Event: 647.814 Thread 0x0000023afcc52000 Exception <a 'sun/nio/fs/WindowsException'{0x000000008fb94870}> (0x000000008fb94870) thrown at [./src/hotspot/share/prims/jni.cpp, line 615]
Event: 647.814 Thread 0x0000023afcc52000 Exception <a 'sun/nio/fs/WindowsException'{0x000000008fb950d8}> (0x000000008fb950d8) thrown at [./src/hotspot/share/prims/jni.cpp, line 615]
Event: 647.814 Thread 0x0000023afcc52000 Exception <a 'sun/nio/fs/WindowsException'{0x000000008fb95b10}> (0x000000008fb95b10) thrown at [./src/hotspot/share/prims/jni.cpp, line 615]
Event: 647.814 Thread 0x0000023afcc52000 Exception <a 'sun/nio/fs/WindowsException'{0x000000008fb95b90}> (0x000000008fb95b90) thrown at [./src/hotspot/share/prims/jni.cpp, line 615]
Event: 647.814 Thread 0x0000023afcc52000 Exception <a 'sun/nio/fs/WindowsException'{0x000000008fb96dd8}> (0x000000008fb96dd8) thrown at [./src/hotspot/share/prims/jni.cpp, line 615]
Event: 647.816 Thread 0x0000023afcc52000 Exception <a 'sun/nio/fs/WindowsException'{0x000000008fbab4a0}> (0x000000008fbab4a0) thrown at [./src/hotspot/share/prims/jni.cpp, line 615]
Event: 647.816 Thread 0x0000023afcc52000 Exception <a 'sun/nio/fs/WindowsException'{0x000000008fbabef8}> (0x000000008fbabef8) thrown at [./src/hotspot/share/prims/jni.cpp, line 615]
Event: 647.827 Thread 0x0000023afcc52000 Exception <a 'sun/nio/fs/WindowsException'{0x000000008fae2450}> (0x000000008fae2450) thrown at [./src/hotspot/share/prims/jni.cpp, line 615]
Event: 647.827 Thread 0x0000023afcc52000 Exception <a 'sun/nio/fs/WindowsException'{0x000000008fae2ed0}> (0x000000008fae2ed0) thrown at [./src/hotspot/share/prims/jni.cpp, line 615]
Event: 647.948 Thread 0x0000023afcc52000 Implicit null exception at 0x0000023ae855e3f5 to 0x0000023ae855e82c

Events (20 events):
Event: 648.027 Thread 0x0000023af6ea3800 flushing nmethod 0x0000023ae11e4c10
Event: 648.027 Thread 0x0000023af6ea3800 flushing nmethod 0x0000023ae11fa090
Event: 648.027 Thread 0x0000023af6ea3800 flushing nmethod 0x0000023ae121a390
Event: 648.027 Thread 0x0000023af6ea3800 flushing nmethod 0x0000023ae121d210
Event: 648.027 Thread 0x0000023af6ea3800 flushing nmethod 0x0000023ae124d910
Event: 648.027 Thread 0x0000023af6ea3800 flushing nmethod 0x0000023ae124e010
Event: 648.027 Thread 0x0000023af6ea3800 flushing nmethod 0x0000023ae1252a10
Event: 648.027 Thread 0x0000023af6ea3800 flushing nmethod 0x0000023ae1253010
Event: 648.027 Thread 0x0000023af6ea3800 flushing nmethod 0x0000023ae1254b10
Event: 648.027 Thread 0x0000023af6ea3800 flushing nmethod 0x0000023ae1256010
Event: 648.027 Thread 0x0000023af6ea3800 flushing nmethod 0x0000023ae125de10
Event: 648.027 Thread 0x0000023af6ea3800 flushing nmethod 0x0000023ae1264390
Event: 648.027 Thread 0x0000023af6ea3800 flushing nmethod 0x0000023ae1267790
Event: 648.027 Thread 0x0000023af6ea3800 flushing nmethod 0x0000023ae1267b10
Event: 648.027 Thread 0x0000023af6ea3800 flushing nmethod 0x0000023ae1277b90
Event: 648.028 Thread 0x0000023af6ea3800 flushing nmethod 0x0000023ae12b9290
Event: 648.028 Thread 0x0000023af6ea3800 flushing nmethod 0x0000023ae12e2790
Event: 648.030 Thread 0x0000023af6ea3800 flushing nmethod 0x0000023ae1660810
Event: 648.030 Thread 0x0000023af6ea3800 flushing nmethod 0x0000023ae1663e90
Event: 648.075 Executing VM operation: G1CollectForAllocation


Dynamic libraries:
0x00007ff7da320000 - 0x00007ff7da32a000 	C:\Program Files\Android\Android Studio\jre\bin\java.exe
0x00007ffbd3580000 - 0x00007ffbd3789000 	C:\WINDOWS\SYSTEM32\ntdll.dll
0x00007ffbd13f0000 - 0x00007ffbd14ad000 	C:\WINDOWS\System32\KERNEL32.DLL
0x00007ffbd0d90000 - 0x00007ffbd1104000 	C:\WINDOWS\System32\KERNELBASE.dll
0x00007ffbd12d0000 - 0x00007ffbd13e1000 	C:\WINDOWS\System32\ucrtbase.dll
0x00007ffbb2e50000 - 0x00007ffbb2e67000 	C:\Program Files\Android\Android Studio\jre\bin\VCRUNTIME140.dll
0x00007ffbb78f0000 - 0x00007ffbb7909000 	C:\Program Files\Android\Android Studio\jre\bin\jli.dll
0x00007ffbd14d0000 - 0x00007ffbd167c000 	C:\WINDOWS\System32\USER32.dll
0x00007ffbb29e0000 - 0x00007ffbb2c85000 	C:\WINDOWS\WinSxS\amd64_microsoft.windows.common-controls_6595b64144ccf1df_6.0.22000.120_none_9d947278b86cc467\COMCTL32.dll
0x00007ffbd0a40000 - 0x00007ffbd0a66000 	C:\WINDOWS\System32\win32u.dll
0x00007ffbd2530000 - 0x00007ffbd25d3000 	C:\WINDOWS\System32\msvcrt.dll
0x00007ffbd1a00000 - 0x00007ffbd1a29000 	C:\WINDOWS\System32\GDI32.dll
0x00007ffbd11b0000 - 0x00007ffbd12c2000 	C:\WINDOWS\System32\gdi32full.dll
0x00007ffbd1110000 - 0x00007ffbd11ad000 	C:\WINDOWS\System32\msvcp_win.dll
0x00007ffbd2fc0000 - 0x00007ffbd2ff1000 	C:\WINDOWS\System32\IMM32.DLL
0x00007ffb931b0000 - 0x00007ffb9324d000 	C:\Program Files\Android\Android Studio\jre\bin\msvcp140.dll
0x00007ffb518a0000 - 0x00007ffb52375000 	C:\Program Files\Android\Android Studio\jre\bin\server\jvm.dll
0x00007ffbd2930000 - 0x00007ffbd29de000 	C:\WINDOWS\System32\ADVAPI32.dll
0x00007ffbd1b70000 - 0x00007ffbd1c0e000 	C:\WINDOWS\System32\sechost.dll
0x00007ffbd3370000 - 0x00007ffbd3490000 	C:\WINDOWS\System32\RPCRT4.dll
0x00007ffbd2520000 - 0x00007ffbd2528000 	C:\WINDOWS\System32\PSAPI.DLL
0x00007ffbb0bc0000 - 0x00007ffbb0bc9000 	C:\WINDOWS\SYSTEM32\WSOCK32.dll
0x00007ffbbe8e0000 - 0x00007ffbbe913000 	C:\WINDOWS\SYSTEM32\WINMM.dll
0x00007ffbc6aa0000 - 0x00007ffbc6aaa000 	C:\WINDOWS\SYSTEM32\VERSION.dll
0x00007ffbd1c70000 - 0x00007ffbd1cdf000 	C:\WINDOWS\System32\WS2_32.dll
0x00007ffbcfc30000 - 0x00007ffbcfc48000 	C:\WINDOWS\SYSTEM32\kernel.appcore.dll
0x00007ffbb5ce0000 - 0x00007ffbb5cf1000 	C:\Program Files\Android\Android Studio\jre\bin\verify.dll
0x00007ffbce3b0000 - 0x00007ffbce5d1000 	C:\WINDOWS\SYSTEM32\DBGHELP.DLL
0x00007ffbc66a0000 - 0x00007ffbc66d1000 	C:\WINDOWS\SYSTEM32\dbgcore.DLL
0x00007ffbd0be0000 - 0x00007ffbd0c5f000 	C:\WINDOWS\System32\bcryptPrimitives.dll
0x00007ffbb2f00000 - 0x00007ffbb2f29000 	C:\Program Files\Android\Android Studio\jre\bin\java.dll
0x00007ffbc9080000 - 0x00007ffbc908b000 	C:\Program Files\Android\Android Studio\jre\bin\jimage.dll
0x00007ffbb19c0000 - 0x00007ffbb19d8000 	C:\Program Files\Android\Android Studio\jre\bin\zip.dll
0x00007ffbd1cf0000 - 0x00007ffbd249f000 	C:\WINDOWS\System32\SHELL32.dll
0x00007ffbcebc0000 - 0x00007ffbcf428000 	C:\WINDOWS\SYSTEM32\windows.storage.dll
0x00007ffbd1680000 - 0x00007ffbd19f8000 	C:\WINDOWS\System32\combase.dll
0x00007ffbcea50000 - 0x00007ffbcebb6000 	C:\WINDOWS\SYSTEM32\wintypes.dll
0x00007ffbd29e0000 - 0x00007ffbd2aca000 	C:\WINDOWS\System32\SHCORE.dll
0x00007ffbd34b0000 - 0x00007ffbd350d000 	C:\WINDOWS\System32\shlwapi.dll
0x00007ffbd0970000 - 0x00007ffbd0991000 	C:\WINDOWS\SYSTEM32\profapi.dll
0x00007ffbac3c0000 - 0x00007ffbac3da000 	C:\Program Files\Android\Android Studio\jre\bin\net.dll
0x00007ffbc82b0000 - 0x00007ffbc83bc000 	C:\WINDOWS\SYSTEM32\WINHTTP.dll
0x00007ffbd0060000 - 0x00007ffbd00c7000 	C:\WINDOWS\system32\mswsock.dll
0x00007ffbab070000 - 0x00007ffbab084000 	C:\Program Files\Android\Android Studio\jre\bin\nio.dll
0x00007ffbb2440000 - 0x00007ffbb2467000 	C:\Users\Mohammad Sommakia\.gradle\native\e1d6ef7f7dcc3fd88c89a11ec53ec762bb8ba0a96d01ffa2cd45eb1d1d8dd5c5\windows-amd64\native-platform.dll
0x00007ffb916e0000 - 0x00007ffb91824000 	C:\Users\Mohammad Sommakia\.gradle\native\5664cfc778a61ccfe75a443a1ab52a65af34e5dc3c78e0209fed803814484fcb\windows-amd64\native-platform-file-events.dll
0x00007ffbc9020000 - 0x00007ffbc902a000 	C:\Program Files\Android\Android Studio\jre\bin\management.dll
0x00007ffbc2e30000 - 0x00007ffbc2e3d000 	C:\Program Files\Android\Android Studio\jre\bin\management_ext.dll
0x00007ffbd02a0000 - 0x00007ffbd02b8000 	C:\WINDOWS\SYSTEM32\CRYPTSP.dll
0x00007ffbcfb90000 - 0x00007ffbcfbc5000 	C:\WINDOWS\system32\rsaenh.dll
0x00007ffbd0150000 - 0x00007ffbd0179000 	C:\WINDOWS\SYSTEM32\USERENV.dll
0x00007ffbd0420000 - 0x00007ffbd0447000 	C:\WINDOWS\SYSTEM32\bcrypt.dll
0x00007ffbd02c0000 - 0x00007ffbd02cc000 	C:\WINDOWS\SYSTEM32\CRYPTBASE.dll
0x00007ffbcf760000 - 0x00007ffbcf78d000 	C:\WINDOWS\SYSTEM32\IPHLPAPI.DLL
0x00007ffbd2640000 - 0x00007ffbd2649000 	C:\WINDOWS\System32\NSI.dll
0x00007ffbc7930000 - 0x00007ffbc7949000 	C:\WINDOWS\SYSTEM32\dhcpcsvc6.DLL
0x00007ffbc7a10000 - 0x00007ffbc7a2e000 	C:\WINDOWS\SYSTEM32\dhcpcsvc.DLL
0x00007ffbcf790000 - 0x00007ffbcf878000 	C:\WINDOWS\SYSTEM32\DNSAPI.dll
0x00007ffbb2e30000 - 0x00007ffbb2e4e000 	C:\Users\Mohammad Sommakia\AppData\Local\Temp\native-platform3979342742150902524dir\native-platform.dll
0x00007ffbc9070000 - 0x00007ffbc9078000 	C:\Program Files\Android\Android Studio\jre\bin\rmi.dll

dbghelp: loaded successfully - version: 4.0.5 - missing functions: none
symbol engine: initialized successfully - sym options: 0x614 - pdb path: .;C:\Program Files\Android\Android Studio\jre\bin;C:\WINDOWS\SYSTEM32;C:\WINDOWS\WinSxS\amd64_microsoft.windows.common-controls_6595b64144ccf1df_6.0.22000.120_none_9d947278b86cc467;C:\Program Files\Android\Android Studio\jre\bin\server;C:\Users\Mohammad Sommakia\.gradle\native\e1d6ef7f7dcc3fd88c89a11ec53ec762bb8ba0a96d01ffa2cd45eb1d1d8dd5c5\windows-amd64;C:\Users\Mohammad Sommakia\.gradle\native\5664cfc778a61ccfe75a443a1ab52a65af34e5dc3c78e0209fed803814484fcb\windows-amd64;C:\Users\Mohammad Sommakia\AppData\Local\Temp\native-platform3979342742150902524dir

VM Arguments:
jvm_args: --add-opens=java.base/java.util=ALL-UNNAMED --add-opens=java.base/java.lang=ALL-UNNAMED --add-opens=java.base/java.lang.invoke=ALL-UNNAMED --add-opens=java.base/java.util=ALL-UNNAMED --add-opens=java.prefs/java.util.prefs=ALL-UNNAMED --add-opens=java.prefs/java.util.prefs=ALL-UNNAMED --add-opens=java.base/java.nio.charset=ALL-UNNAMED --add-opens=java.base/java.net=ALL-UNNAMED --add-opens=java.base/java.util.concurrent.atomic=ALL-UNNAMED -Xmx2048m -Dfile.encoding=UTF-8 -Duser.country=US -Duser.language=en -Duser.variant 
java_command: org.gradle.launcher.daemon.bootstrap.GradleDaemon 7.2
java_class_path (initial): C:\Users\Mohammad Sommakia\.gradle\wrapper\dists\gradle-7.2-bin\2dnblmf4td7x66yl1d74lt32g\gradle-7.2\lib\gradle-launcher-7.2.jar
Launcher Type: SUN_STANDARD

[Global flags]
     intx CICompilerCount                          = 4                                         {product} {ergonomic}
     uint ConcGCThreads                            = 2                                         {product} {ergonomic}
     uint G1ConcRefinementThreads                  = 8                                         {product} {ergonomic}
   size_t G1HeapRegionSize                         = 1048576                                   {product} {ergonomic}
    uintx GCDrainStackTargetSize                   = 64                                        {product} {ergonomic}
   size_t InitialHeapSize                          = 264241152                                 {product} {ergonomic}
   size_t MarkStackSize                            = 4194304                                   {product} {ergonomic}
   size_t MaxHeapSize                              = 2147483648                                {product} {command line}
   size_t MaxNewSize                               = 1287651328                                {product} {ergonomic}
   size_t MinHeapDeltaBytes                        = 1048576                                   {product} {ergonomic}
    uintx NonNMethodCodeHeapSize                   = 5836300                                {pd product} {ergonomic}
    uintx NonProfiledCodeHeapSize                  = 122910970                              {pd product} {ergonomic}
    uintx ProfiledCodeHeapSize                     = 122910970                              {pd product} {ergonomic}
    uintx ReservedCodeCacheSize                    = 251658240                              {pd product} {ergonomic}
     bool SegmentedCodeCache                       = true                                      {product} {ergonomic}
     bool UseCompressedClassPointers               = true                                 {lp64_product} {ergonomic}
     bool UseCompressedOops                        = true                                 {lp64_product} {ergonomic}
     bool UseG1GC                                  = true                                      {product} {ergonomic}
     bool UseLargePagesIndividualAllocation        = false                                  {pd product} {ergonomic}

Logging:
Log output configuration:
 #0: stdout all=warning uptime,level,tags
 #1: stderr all=off uptime,level,tags

Environment Variables:
JAVA_HOME=C:\Program Files\Java\jdk1.8.0_291
PATH=C:\Program Files (x86)\Common Files\Oracle\Java\javapath;C:\Program Files\Common Files\Oracle\Java\javapath;C:\Windows\system32;C:\Windows;C:\Windows\System32\Wbem;C:\Windows\System32\WindowsPowerShell\v1.0\;C:\Windows\System32\OpenSSH\;C:\Program Files (x86)\NVIDIA Corporation\PhysX\Common;C:\Program Files\NVIDIA Corporation\NVIDIA NvDLISR;C:\WINDOWS\system32;C:\WINDOWS;C:\WINDOWS\System32\Wbem;C:\WINDOWS\System32\WindowsPowerShell\v1.0\;C:\WINDOWS\System32\OpenSSH\;C:\Program Files\Git\cmd;C:\Users\Mohammad Sommakia\AppData\Local\Microsoft\WindowsApps;C:\swig;C:\Android\flutter\bin;C:\Program Files\Java\jdk1.8.0_291;
USERNAME=Mohammad Sommakia
OS=Windows_NT
PROCESSOR_IDENTIFIER=Intel64 Family 6 Model 140 Stepping 1, GenuineIntel



---------------  S Y S T E M  ---------------

OS: Windows 10 , 64 bit Build 22000 (10.0.22000.613)
OS uptime: 9 days 20:24 hours

CPU:total 8 (initial active 8) (4 cores per cpu, 2 threads per core) family 6 model 140 stepping 1 microcode 0x86, cmov, cx8, fxsr, mmx, sse, sse2, sse3, ssse3, sse4.1, sse4.2, popcnt, avx, avx2, aes, clmul, erms, 3dnowpref, lzcnt, ht, tsc, tscinvbit, bmi1, bmi2, adx, evex, sha, fma

Memory: 4k page, system-wide physical 16061M (1965M free)
TotalPageFile size 16061M (AvailPageFile size 52M)
current process WorkingSet (physical memory assigned to process): 668M, peak: 669M
current process commit charge ("private bytes"): 710M, peak: 880M

vm_info: OpenJDK 64-Bit Server VM (11.0.11+9-b60-7590822) for windows-amd64 JRE (11.0.11+9-b60-7590822), built on Jul 29 2021 21:43:44 by "builder" with MS VC++ 14.0 (VS2015)

END.
